# JRE version: OpenJDK Runtime Environment Temurin-17.0.10+7 (17.0.10+7) (build 17.0.10+7)
# Java VM: OpenJDK 64-Bit Server VM Temurin-17.0.10+7 (17.0.10+7, mixed mode, tiered, compressed oops, compressed class ptrs, parallel gc, windows-amd64)
GC Precious Log:
 CPUs: 6 total, 6 available
 Memory: 12158M
 Large Page Support: Disabled
 NUMA Support: Disabled
 Compressed Oops: Enabled (32-bit)
 Alignments: Space 512K, Generation 512K, Heap 2M
 Heap Min Capacity: 100M
 Heap Initial Capacity: 100M
 Heap Max Capacity: 1G
 Pre-touch: Disabled
 Parallel Workers: 6
Heap:
 PSYoungGen      total 21504K, used 704K [0x00000000eab00000, 0x00000000ec380000, 0x0000000100000000)
  eden space 20480K, 0% used [0x00000000eab00000,0x00000000eab00000,0x00000000ebf00000)
  from space 1024K, 68% used [0x00000000ec280000,0x00000000ec330000,0x00000000ec380000)
  to   space 2048K, 0% used [0x00000000ebf80000,0x00000000ebf80000,0x00000000ec180000)
 ParOldGen       total 68608K, used 36638K [0x00000000c0000000, 0x00000000c4300000, 0x00000000eab00000)
  object space 68608K, 53% used [0x00000000c0000000,0x00000000c23c7bb8,0x00000000c4300000)
 Metaspace       used 58703K, committed 59776K, reserved 1114112K
  class space    used 6324K, committed 6848K, reserved 1048576K
GC Heap History (20 events):
Event: 2.709 GC heap before
{Heap before GC invocations=20 (full 2):
 PSYoungGen      total 24064K, used 24064K [0x00000000eab00000, 0x00000000ec580000, 0x0000000100000000)
  eden space 22016K, 100% used [0x00000000eab00000,0x00000000ec080000,0x00000000ec080000)
  from space 2048K, 100% used [0x00000000ec080000,0x00000000ec280000,0x00000000ec280000)
  to   space 2560K, 0% used [0x00000000ec300000,0x00000000ec300000,0x00000000ec580000)
 ParOldGen       total 68608K, used 24766K [0x00000000c0000000, 0x00000000c4300000, 0x00000000eab00000)
  object space 68608K, 36% used [0x00000000c0000000,0x00000000c182fa78,0x00000000c4300000)
 Metaspace       used 44263K, committed 45376K, reserved 1114112K
  class space    used 4593K, committed 5120K, reserved 1048576K
}
Event: 2.712 GC heap after
{Heap after GC invocations=20 (full 2):
 PSYoungGen      total 24576K, used 2176K [0x00000000eab00000, 0x00000000ec580000, 0x0000000100000000)
  eden space 22016K, 0% used [0x00000000eab00000,0x00000000eab00000,0x00000000ec080000)
  from space 2560K, 85% used [0x00000000ec300000,0x00000000ec520010,0x00000000ec580000)
  to   space 2560K, 0% used [0x00000000ec080000,0x00000000ec080000,0x00000000ec300000)
 ParOldGen       total 68608K, used 26766K [0x00000000c0000000, 0x00000000c4300000, 0x00000000eab00000)
  object space 68608K, 39% used [0x00000000c0000000,0x00000000c1a23a78,0x00000000c4300000)
 Metaspace       used 44263K, committed 45376K, reserved 1114112K
  class space    used 4593K, committed 5120K, reserved 1048576K
}
Event: 2.757 GC heap before
{Heap before GC invocations=21 (full 2):
 PSYoungGen      total 24576K, used 24192K [0x00000000eab00000, 0x00000000ec580000, 0x0000000100000000)
  eden space 22016K, 100% used [0x00000000eab00000,0x00000000ec080000,0x00000000ec080000)
  from space 2560K, 85% used [0x00000000ec300000,0x00000000ec520010,0x00000000ec580000)
  to   space 2560K, 0% used [0x00000000ec080000,0x00000000ec080000,0x00000000ec300000)
 ParOldGen       total 68608K, used 26766K [0x00000000c0000000, 0x00000000c4300000, 0x00000000eab00000)
  object space 68608K, 39% used [0x00000000c0000000,0x00000000c1a23a78,0x00000000c4300000)
 Metaspace       used 45197K, committed 46336K, reserved 1114112K
  class space    used 4730K, committed 5248K, reserved 1048576K
}
Event: 2.760 GC heap after
{Heap after GC invocations=21 (full 2):
 PSYoungGen      total 24064K, used 1675K [0x00000000eab00000, 0x00000000ec480000, 0x0000000100000000)
  eden space 22016K, 0% used [0x00000000eab00000,0x00000000eab00000,0x00000000ec080000)
  from space 2048K, 81% used [0x00000000ec080000,0x00000000ec222d50,0x00000000ec280000)
  to   space 2048K, 0% used [0x00000000ec280000,0x00000000ec280000,0x00000000ec480000)
 ParOldGen       total 68608K, used 28846K [0x00000000c0000000, 0x00000000c4300000, 0x00000000eab00000)
  object space 68608K, 42% used [0x00000000c0000000,0x00000000c1c2ba88,0x00000000c4300000)
 Metaspace       used 45197K, committed 46336K, reserved 1114112K
  class space    used 4730K, committed 5248K, reserved 1048576K
}
Event: 2.817 GC heap before
{Heap before GC invocations=22 (full 2):
 PSYoungGen      total 24064K, used 23691K [0x00000000eab00000, 0x00000000ec480000, 0x0000000100000000)
  eden space 22016K, 100% used [0x00000000eab00000,0x00000000ec080000,0x00000000ec080000)
  from space 2048K, 81% used [0x00000000ec080000,0x00000000ec222d50,0x00000000ec280000)
  to   space 2048K, 0% used [0x00000000ec280000,0x00000000ec280000,0x00000000ec480000)
 ParOldGen       total 68608K, used 28846K [0x00000000c0000000, 0x00000000c4300000, 0x00000000eab00000)
  object space 68608K, 42% used [0x00000000c0000000,0x00000000c1c2ba88,0x00000000c4300000)
 Metaspace       used 47339K, committed 48384K, reserved 1114112K
  class space    used 4969K, committed 5440K, reserved 1048576K
}
Event: 2.818 GC heap after
{Heap after GC invocations=22 (full 2):
 PSYoungGen      total 23040K, used 538K [0x00000000eab00000, 0x00000000ec380000, 0x0000000100000000)
  eden space 22016K, 0% used [0x00000000eab00000,0x00000000eab00000,0x00000000ec080000)
  from space 1024K, 52% used [0x00000000ec280000,0x00000000ec306840,0x00000000ec380000)
  to   space 1024K, 0% used [0x00000000ec180000,0x00000000ec180000,0x00000000ec280000)
 ParOldGen       total 68608K, used 30030K [0x00000000c0000000, 0x00000000c4300000, 0x00000000eab00000)
  object space 68608K, 43% used [0x00000000c0000000,0x00000000c1d539e0,0x00000000c4300000)
 Metaspace       used 47339K, committed 48384K, reserved 1114112K
  class space    used 4969K, committed 5440K, reserved 1048576K
}
Event: 2.917 GC heap before
{Heap before GC invocations=23 (full 2):
 PSYoungGen      total 23040K, used 22554K [0x00000000eab00000, 0x00000000ec380000, 0x0000000100000000)
  eden space 22016K, 100% used [0x00000000eab00000,0x00000000ec080000,0x00000000ec080000)
  from space 1024K, 52% used [0x00000000ec280000,0x00000000ec306840,0x00000000ec380000)
  to   space 1024K, 0% used [0x00000000ec180000,0x00000000ec180000,0x00000000ec280000)
 ParOldGen       total 68608K, used 30030K [0x00000000c0000000, 0x00000000c4300000, 0x00000000eab00000)
  object space 68608K, 43% used [0x00000000c0000000,0x00000000c1d539e0,0x00000000c4300000)
 Metaspace       used 49186K, committed 50240K, reserved 1114112K
  class space    used 5215K, committed 5696K, reserved 1048576K
}
Event: 2.918 GC heap after
{Heap after GC invocations=23 (full 2):
 PSYoungGen      total 23040K, used 995K [0x00000000eab00000, 0x00000000ec480000, 0x0000000100000000)
  eden space 22016K, 0% used [0x00000000eab00000,0x00000000eab00000,0x00000000ec080000)
  from space 1024K, 97% used [0x00000000ec180000,0x00000000ec278f98,0x00000000ec280000)
  to   space 2048K, 0% used [0x00000000ec280000,0x00000000ec280000,0x00000000ec480000)
 ParOldGen       total 68608K, used 30431K [0x00000000c0000000, 0x00000000c4300000, 0x00000000eab00000)
  object space 68608K, 44% used [0x00000000c0000000,0x00000000c1db7ed0,0x00000000c4300000)
 Metaspace       used 49186K, committed 50240K, reserved 1114112K
  class space    used 5215K, committed 5696K, reserved 1048576K
}
Event: 2.972 GC heap before
{Heap before GC invocations=24 (full 2):
 PSYoungGen      total 23040K, used 23011K [0x00000000eab00000, 0x00000000ec480000, 0x0000000100000000)
  eden space 22016K, 100% used [0x00000000eab00000,0x00000000ec080000,0x00000000ec080000)
  from space 1024K, 97% used [0x00000000ec180000,0x00000000ec278f98,0x00000000ec280000)
  to   space 2048K, 0% used [0x00000000ec280000,0x00000000ec280000,0x00000000ec480000)
 ParOldGen       total 68608K, used 30431K [0x00000000c0000000, 0x00000000c4300000, 0x00000000eab00000)
  object space 68608K, 44% used [0x00000000c0000000,0x00000000c1db7ed0,0x00000000c4300000)
 Metaspace       used 50416K, committed 51392K, reserved 1114112K
  class space    used 5347K, committed 5824K, reserved 1048576K
}
Event: 2.973 GC heap after
{Heap after GC invocations=24 (full 2):
 PSYoungGen      total 22528K, used 2026K [0x00000000eab00000, 0x00000000ec780000, 0x0000000100000000)
  eden space 20480K, 0% used [0x00000000eab00000,0x00000000eab00000,0x00000000ebf00000)
  from space 2048K, 98% used [0x00000000ec280000,0x00000000ec47a8a0,0x00000000ec480000)
  to   space 3584K, 0% used [0x00000000ebf00000,0x00000000ebf00000,0x00000000ec280000)
 ParOldGen       total 68608K, used 31368K [0x00000000c0000000, 0x00000000c4300000, 0x00000000eab00000)
  object space 68608K, 45% used [0x00000000c0000000,0x00000000c1ea2298,0x00000000c4300000)
 Metaspace       used 50416K, committed 51392K, reserved 1114112K
  class space    used 5347K, committed 5824K, reserved 1048576K
}
Event: 3.000 GC heap before
{Heap before GC invocations=25 (full 2):
 PSYoungGen      total 22528K, used 22506K [0x00000000eab00000, 0x00000000ec780000, 0x0000000100000000)
  eden space 20480K, 100% used [0x00000000eab00000,0x00000000ebf00000,0x00000000ebf00000)
  from space 2048K, 98% used [0x00000000ec280000,0x00000000ec47a8a0,0x00000000ec480000)
  to   space 3584K, 0% used [0x00000000ebf00000,0x00000000ebf00000,0x00000000ec280000)
 ParOldGen       total 68608K, used 31368K [0x00000000c0000000, 0x00000000c4300000, 0x00000000eab00000)
  object space 68608K, 45% used [0x00000000c0000000,0x00000000c1ea2298,0x00000000c4300000)
 Metaspace       used 50762K, committed 51776K, reserved 1114112K
  class space    used 5402K, committed 5888K, reserved 1048576K
}
Event: 3.001 GC heap after
{Heap after GC invocations=25 (full 2):
 PSYoungGen      total 22016K, used 1057K [0x00000000eab00000, 0x00000000ec300000, 0x0000000100000000)
  eden space 20480K, 0% used [0x00000000eab00000,0x00000000eab00000,0x00000000ebf00000)
  from space 1536K, 68% used [0x00000000ebf00000,0x00000000ec008598,0x00000000ec080000)
  to   space 2048K, 0% used [0x00000000ec100000,0x00000000ec100000,0x00000000ec300000)
 ParOldGen       total 68608K, used 32482K [0x00000000c0000000, 0x00000000c4300000, 0x00000000eab00000)
  object space 68608K, 47% used [0x00000000c0000000,0x00000000c1fb8a70,0x00000000c4300000)
 Metaspace       used 50762K, committed 51776K, reserved 1114112K
  class space    used 5402K, committed 5888K, reserved 1048576K
}
Event: 3.087 GC heap before
{Heap before GC invocations=26 (full 2):
 PSYoungGen      total 22016K, used 21537K [0x00000000eab00000, 0x00000000ec300000, 0x0000000100000000)
  eden space 20480K, 100% used [0x00000000eab00000,0x00000000ebf00000,0x00000000ebf00000)
  from space 1536K, 68% used [0x00000000ebf00000,0x00000000ec008598,0x00000000ec080000)
  to   space 2048K, 0% used [0x00000000ec100000,0x00000000ec100000,0x00000000ec300000)
 ParOldGen       total 68608K, used 32482K [0x00000000c0000000, 0x00000000c4300000, 0x00000000eab00000)
  object space 68608K, 47% used [0x00000000c0000000,0x00000000c1fb8a70,0x00000000c4300000)
 Metaspace       used 53327K, committed 54336K, reserved 1114112K
  class space    used 5643K, committed 6080K, reserved 1048576K
}
Event: 3.088 GC heap after
{Heap after GC invocations=26 (full 2):
 PSYoungGen      total 20992K, used 512K [0x00000000eab00000, 0x00000000ec180000, 0x0000000100000000)
  eden space 20480K, 0% used [0x00000000eab00000,0x00000000eab00000,0x00000000ebf00000)
  from space 512K, 100% used [0x00000000ec100000,0x00000000ec180000,0x00000000ec180000)
  to   space 1024K, 0% used [0x00000000ebf80000,0x00000000ebf80000,0x00000000ec080000)
 ParOldGen       total 68608K, used 32610K [0x00000000c0000000, 0x00000000c4300000, 0x00000000eab00000)
  object space 68608K, 47% used [0x00000000c0000000,0x00000000c1fd8a70,0x00000000c4300000)
 Metaspace       used 53327K, committed 54336K, reserved 1114112K
  class space    used 5643K, committed 6080K, reserved 1048576K
}
Event: 3.169 GC heap before
{Heap before GC invocations=27 (full 2):
 PSYoungGen      total 20992K, used 20992K [0x00000000eab00000, 0x00000000ec180000, 0x0000000100000000)
  eden space 20480K, 100% used [0x00000000eab00000,0x00000000ebf00000,0x00000000ebf00000)
  from space 512K, 100% used [0x00000000ec100000,0x00000000ec180000,0x00000000ec180000)
  to   space 1024K, 0% used [0x00000000ebf80000,0x00000000ebf80000,0x00000000ec080000)
 ParOldGen       total 68608K, used 32610K [0x00000000c0000000, 0x00000000c4300000, 0x00000000eab00000)
  object space 68608K, 47% used [0x00000000c0000000,0x00000000c1fd8a70,0x00000000c4300000)
 Metaspace       used 54770K, committed 55872K, reserved 1114112K
  class space    used 5847K, committed 6336K, reserved 1048576K
}
Event: 3.170 GC heap after
{Heap after GC invocations=27 (full 2):
 PSYoungGen      total 21504K, used 840K [0x00000000eab00000, 0x00000000ec180000, 0x0000000100000000)
  eden space 20480K, 0% used [0x00000000eab00000,0x00000000eab00000,0x00000000ebf00000)
  from space 1024K, 82% used [0x00000000ebf80000,0x00000000ec0522b0,0x00000000ec080000)
  to   space 1024K, 0% used [0x00000000ec080000,0x00000000ec080000,0x00000000ec180000)
 ParOldGen       total 68608K, used 33026K [0x00000000c0000000, 0x00000000c4300000, 0x00000000eab00000)
  object space 68608K, 48% used [0x00000000c0000000,0x00000000c2040a70,0x00000000c4300000)
 Metaspace       used 54770K, committed 55872K, reserved 1114112K
  class space    used 5847K, committed 6336K, reserved 1048576K
}
Event: 3.274 GC heap before
{Heap before GC invocations=28 (full 2):
 PSYoungGen      total 21504K, used 21320K [0x00000000eab00000, 0x00000000ec180000, 0x0000000100000000)
  eden space 20480K, 100% used [0x00000000eab00000,0x00000000ebf00000,0x00000000ebf00000)
  from space 1024K, 82% used [0x00000000ebf80000,0x00000000ec0522b0,0x00000000ec080000)
  to   space 1024K, 0% used [0x00000000ec080000,0x00000000ec080000,0x00000000ec180000)
 ParOldGen       total 68608K, used 33026K [0x00000000c0000000, 0x00000000c4300000, 0x00000000eab00000)
  object space 68608K, 48% used [0x00000000c0000000,0x00000000c2040a70,0x00000000c4300000)
 Metaspace       used 56382K, committed 57472K, reserved 1114112K
  class space    used 6059K, committed 6528K, reserved 1048576K
}
Event: 3.275 GC heap after
{Heap after GC invocations=28 (full 2):
 PSYoungGen      total 21504K, used 800K [0x00000000eab00000, 0x00000000ec180000, 0x0000000100000000)
  eden space 20480K, 0% used [0x00000000eab00000,0x00000000eab00000,0x00000000ebf00000)
  from space 1024K, 78% used [0x00000000ec080000,0x00000000ec148000,0x00000000ec180000)
  to   space 1024K, 0% used [0x00000000ebf80000,0x00000000ebf80000,0x00000000ec080000)
 ParOldGen       total 68608K, used 33633K [0x00000000c0000000, 0x00000000c4300000, 0x00000000eab00000)
  object space 68608K, 49% used [0x00000000c0000000,0x00000000c20d8770,0x00000000c4300000)
 Metaspace       used 56382K, committed 57472K, reserved 1114112K
  class space    used 6059K, committed 6528K, reserved 1048576K
}
Event: 3.344 GC heap before
{Heap before GC invocations=29 (full 2):
 PSYoungGen      total 21504K, used 21278K [0x00000000eab00000, 0x00000000ec180000, 0x0000000100000000)
  eden space 20480K, 99% used [0x00000000eab00000,0x00000000ebeffbb0,0x00000000ebf00000)
  from space 1024K, 78% used [0x00000000ec080000,0x00000000ec148000,0x00000000ec180000)
  to   space 1024K, 0% used [0x00000000ebf80000,0x00000000ebf80000,0x00000000ec080000)
 ParOldGen       total 68608K, used 33633K [0x00000000c0000000, 0x00000000c4300000, 0x00000000eab00000)
  object space 68608K, 49% used [0x00000000c0000000,0x00000000c20d8770,0x00000000c4300000)
 Metaspace       used 57983K, committed 59136K, reserved 1114112K
  class space    used 6233K, committed 6720K, reserved 1048576K
}
Event: 3.346 GC heap after
{Heap after GC invocations=29 (full 2):
 PSYoungGen      total 21504K, used 1020K [0x00000000eab00000, 0x00000000ec600000, 0x0000000100000000)
  eden space 20480K, 0% used [0x00000000eab00000,0x00000000eab00000,0x00000000ebf00000)
  from space 1024K, 99% used [0x00000000ebf80000,0x00000000ec07f090,0x00000000ec080000)
  to   space 3584K, 0% used [0x00000000ec280000,0x00000000ec280000,0x00000000ec600000)
 ParOldGen       total 68608K, used 35629K [0x00000000c0000000, 0x00000000c4300000, 0x00000000eab00000)
  object space 68608K, 51% used [0x00000000c0000000,0x00000000c22cb5e8,0x00000000c4300000)
 Metaspace       used 57983K, committed 59136K, reserved 1114112K
  class space    used 6233K, committed 6720K, reserved 1048576K
}

