# JRE version: OpenJDK Runtime Environment Temurin-17.0.10+7 (17.0.10+7) (build 17.0.10+7)
# Java VM: OpenJDK 64-Bit Server VM Temurin-17.0.10+7 (17.0.10+7, mixed mode, tiered, compressed oops, compressed class ptrs, parallel gc, windows-amd64)
GC Precious Log:
 CPUs: 6 total, 6 available
 Memory: 12158M
 Large Page Support: Disabled
 NUMA Support: Disabled
 Compressed Oops: Enabled (32-bit)
 Alignments: Space 512K, Generation 512K, Heap 2M
 Heap Min Capacity: 100M
 Heap Initial Capacity: 100M
 Heap Max Capacity: 1G
 Pre-touch: Disabled
 Parallel Workers: 6
Heap:
 PSYoungGen      total 27648K, used 11245K [0x00000000eab00000, 0x00000000ef680000, 0x0000000100000000)
  eden space 16384K, 0% used [0x00000000eab00000,0x00000000eab00000,0x00000000ebb00000)
  from space 11264K, 99% used [0x00000000ed280000,0x00000000edd7b538,0x00000000edd80000)
  to   space 24064K, 0% used [0x00000000ebb00000,0x00000000ebb00000,0x00000000ed280000)
 ParOldGen       total 293376K, used 287819K [0x00000000c0000000, 0x00000000d1e80000, 0x00000000eab00000)
  object space 293376K, 98% used [0x00000000c0000000,0x00000000d1912fa8,0x00000000d1e80000)
 Metaspace       used 78382K, committed 79808K, reserved 1179648K
  class space    used 8030K, committed 8704K, reserved 1048576K
GC Heap History (20 events):
Event: 39.270 GC heap after
{Heap after GC invocations=213 (full 11):
 PSYoungGen      total 18944K, used 872K [0x00000000eab00000, 0x00000000ec580000, 0x0000000100000000)
  eden space 15360K, 0% used [0x00000000eab00000,0x00000000eab00000,0x00000000eba00000)
  from space 3584K, 24% used [0x00000000eba00000,0x00000000ebada120,0x00000000ebd80000)
  to   space 5120K, 0% used [0x00000000ec080000,0x00000000ec080000,0x00000000ec580000)
 ParOldGen       total 293376K, used 240088K [0x00000000c0000000, 0x00000000d1e80000, 0x00000000eab00000)
  object space 293376K, 81% used [0x00000000c0000000,0x00000000cea760b8,0x00000000d1e80000)
 Metaspace       used 77684K, committed 79168K, reserved 1179648K
  class space    used 7955K, committed 8640K, reserved 1048576K
}
Event: 39.294 GC heap before
{Heap before GC invocations=214 (full 11):
 PSYoungGen      total 18944K, used 16232K [0x00000000eab00000, 0x00000000ec580000, 0x0000000100000000)
  eden space 15360K, 100% used [0x00000000eab00000,0x00000000eba00000,0x00000000eba00000)
  from space 3584K, 24% used [0x00000000eba00000,0x00000000ebada120,0x00000000ebd80000)
  to   space 5120K, 0% used [0x00000000ec080000,0x00000000ec080000,0x00000000ec580000)
 ParOldGen       total 293376K, used 240088K [0x00000000c0000000, 0x00000000d1e80000, 0x00000000eab00000)
  object space 293376K, 81% used [0x00000000c0000000,0x00000000cea760b8,0x00000000d1e80000)
 Metaspace       used 77684K, committed 79168K, reserved 1179648K
  class space    used 7955K, committed 8640K, reserved 1048576K
}
Event: 39.304 GC heap after
{Heap after GC invocations=214 (full 11):
 PSYoungGen      total 21504K, used 4270K [0x00000000eab00000, 0x00000000ec500000, 0x0000000100000000)
  eden space 16896K, 0% used [0x00000000eab00000,0x00000000eab00000,0x00000000ebb80000)
  from space 4608K, 92% used [0x00000000ec080000,0x00000000ec4ab8a0,0x00000000ec500000)
  to   space 4608K, 0% used [0x00000000ebc00000,0x00000000ebc00000,0x00000000ec080000)
 ParOldGen       total 293376K, used 240088K [0x00000000c0000000, 0x00000000d1e80000, 0x00000000eab00000)
  object space 293376K, 81% used [0x00000000c0000000,0x00000000cea760b8,0x00000000d1e80000)
 Metaspace       used 77684K, committed 79168K, reserved 1179648K
  class space    used 7955K, committed 8640K, reserved 1048576K
}
Event: 39.333 GC heap before
{Heap before GC invocations=215 (full 11):
 PSYoungGen      total 21504K, used 21166K [0x00000000eab00000, 0x00000000ec500000, 0x0000000100000000)
  eden space 16896K, 100% used [0x00000000eab00000,0x00000000ebb80000,0x00000000ebb80000)
  from space 4608K, 92% used [0x00000000ec080000,0x00000000ec4ab8a0,0x00000000ec500000)
  to   space 4608K, 0% used [0x00000000ebc00000,0x00000000ebc00000,0x00000000ec080000)
 ParOldGen       total 293376K, used 240088K [0x00000000c0000000, 0x00000000d1e80000, 0x00000000eab00000)
  object space 293376K, 81% used [0x00000000c0000000,0x00000000cea760b8,0x00000000d1e80000)
 Metaspace       used 77684K, committed 79168K, reserved 1179648K
  class space    used 7955K, committed 8640K, reserved 1048576K
}
Event: 39.337 GC heap after
{Heap after GC invocations=215 (full 11):
 PSYoungGen      total 22016K, used 4597K [0x00000000eab00000, 0x00000000ece00000, 0x0000000100000000)
  eden space 17408K, 0% used [0x00000000eab00000,0x00000000eab00000,0x00000000ebc00000)
  from space 4608K, 99% used [0x00000000ebc00000,0x00000000ec07d418,0x00000000ec080000)
  to   space 8704K, 0% used [0x00000000ec580000,0x00000000ec580000,0x00000000ece00000)
 ParOldGen       total 293376K, used 243380K [0x00000000c0000000, 0x00000000d1e80000, 0x00000000eab00000)
  object space 293376K, 82% used [0x00000000c0000000,0x00000000cedad238,0x00000000d1e80000)
 Metaspace       used 77684K, committed 79168K, reserved 1179648K
  class space    used 7955K, committed 8640K, reserved 1048576K
}
Event: 39.366 GC heap before
{Heap before GC invocations=216 (full 11):
 PSYoungGen      total 22016K, used 22005K [0x00000000eab00000, 0x00000000ece00000, 0x0000000100000000)
  eden space 17408K, 100% used [0x00000000eab00000,0x00000000ebc00000,0x00000000ebc00000)
  from space 4608K, 99% used [0x00000000ebc00000,0x00000000ec07d418,0x00000000ec080000)
  to   space 8704K, 0% used [0x00000000ec580000,0x00000000ec580000,0x00000000ece00000)
 ParOldGen       total 293376K, used 243380K [0x00000000c0000000, 0x00000000d1e80000, 0x00000000eab00000)
  object space 293376K, 82% used [0x00000000c0000000,0x00000000cedad238,0x00000000d1e80000)
 Metaspace       used 77684K, committed 79168K, reserved 1179648K
  class space    used 7955K, committed 8640K, reserved 1048576K
}
Event: 39.370 GC heap after
{Heap after GC invocations=216 (full 11):
 PSYoungGen      total 25600K, used 6298K [0x00000000eab00000, 0x00000000ecc00000, 0x0000000100000000)
  eden space 18944K, 0% used [0x00000000eab00000,0x00000000eab00000,0x00000000ebd80000)
  from space 6656K, 94% used [0x00000000ec580000,0x00000000ecba6a58,0x00000000ecc00000)
  to   space 7168K, 0% used [0x00000000ebe00000,0x00000000ebe00000,0x00000000ec500000)
 ParOldGen       total 293376K, used 245643K [0x00000000c0000000, 0x00000000d1e80000, 0x00000000eab00000)
  object space 293376K, 83% used [0x00000000c0000000,0x00000000cefe2ec8,0x00000000d1e80000)
 Metaspace       used 77684K, committed 79168K, reserved 1179648K
  class space    used 7955K, committed 8640K, reserved 1048576K
}
Event: 39.397 GC heap before
{Heap before GC invocations=217 (full 11):
 PSYoungGen      total 25600K, used 25242K [0x00000000eab00000, 0x00000000ecc00000, 0x0000000100000000)
  eden space 18944K, 100% used [0x00000000eab00000,0x00000000ebd80000,0x00000000ebd80000)
  from space 6656K, 94% used [0x00000000ec580000,0x00000000ecba6a58,0x00000000ecc00000)
  to   space 7168K, 0% used [0x00000000ebe00000,0x00000000ebe00000,0x00000000ec500000)
 ParOldGen       total 293376K, used 245643K [0x00000000c0000000, 0x00000000d1e80000, 0x00000000eab00000)
  object space 293376K, 83% used [0x00000000c0000000,0x00000000cefe2ec8,0x00000000d1e80000)
 Metaspace       used 77684K, committed 79168K, reserved 1179648K
  class space    used 7955K, committed 8640K, reserved 1048576K
}
Event: 39.402 GC heap after
{Heap after GC invocations=217 (full 11):
 PSYoungGen      total 26624K, used 7158K [0x00000000eab00000, 0x00000000ed880000, 0x0000000100000000)
  eden space 19456K, 0% used [0x00000000eab00000,0x00000000eab00000,0x00000000ebe00000)
  from space 7168K, 99% used [0x00000000ebe00000,0x00000000ec4fd968,0x00000000ec500000)
  to   space 12800K, 0% used [0x00000000ecc00000,0x00000000ecc00000,0x00000000ed880000)
 ParOldGen       total 293376K, used 249972K [0x00000000c0000000, 0x00000000d1e80000, 0x00000000eab00000)
  object space 293376K, 85% used [0x00000000c0000000,0x00000000cf41d150,0x00000000d1e80000)
 Metaspace       used 77684K, committed 79168K, reserved 1179648K
  class space    used 7955K, committed 8640K, reserved 1048576K
}
Event: 39.425 GC heap before
{Heap before GC invocations=218 (full 11):
 PSYoungGen      total 26624K, used 26614K [0x00000000eab00000, 0x00000000ed880000, 0x0000000100000000)
  eden space 19456K, 100% used [0x00000000eab00000,0x00000000ebe00000,0x00000000ebe00000)
  from space 7168K, 99% used [0x00000000ebe00000,0x00000000ec4fd968,0x00000000ec500000)
  to   space 12800K, 0% used [0x00000000ecc00000,0x00000000ecc00000,0x00000000ed880000)
 ParOldGen       total 293376K, used 249972K [0x00000000c0000000, 0x00000000d1e80000, 0x00000000eab00000)
  object space 293376K, 85% used [0x00000000c0000000,0x00000000cf41d150,0x00000000d1e80000)
 Metaspace       used 77684K, committed 79168K, reserved 1179648K
  class space    used 7955K, committed 8640K, reserved 1048576K
}
Event: 39.430 GC heap after
{Heap after GC invocations=218 (full 11):
 PSYoungGen      total 30208K, used 8322K [0x00000000eab00000, 0x00000000ed480000, 0x0000000100000000)
  eden space 21504K, 0% used [0x00000000eab00000,0x00000000eab00000,0x00000000ec000000)
  from space 8704K, 95% used [0x00000000ecc00000,0x00000000ed420b88,0x00000000ed480000)
  to   space 9728K, 0% used [0x00000000ec180000,0x00000000ec180000,0x00000000ecb00000)
 ParOldGen       total 293376K, used 253799K [0x00000000c0000000, 0x00000000d1e80000, 0x00000000eab00000)
  object space 293376K, 86% used [0x00000000c0000000,0x00000000cf7d9e58,0x00000000d1e80000)
 Metaspace       used 77684K, committed 79168K, reserved 1179648K
  class space    used 7955K, committed 8640K, reserved 1048576K
}
Event: 39.444 GC heap before
{Heap before GC invocations=219 (full 11):
 PSYoungGen      total 30208K, used 29826K [0x00000000eab00000, 0x00000000ed480000, 0x0000000100000000)
  eden space 21504K, 100% used [0x00000000eab00000,0x00000000ec000000,0x00000000ec000000)
  from space 8704K, 95% used [0x00000000ecc00000,0x00000000ed420b88,0x00000000ed480000)
  to   space 9728K, 0% used [0x00000000ec180000,0x00000000ec180000,0x00000000ecb00000)
 ParOldGen       total 293376K, used 253799K [0x00000000c0000000, 0x00000000d1e80000, 0x00000000eab00000)
  object space 293376K, 86% used [0x00000000c0000000,0x00000000cf7d9e58,0x00000000d1e80000)
 Metaspace       used 77684K, committed 79168K, reserved 1179648K
  class space    used 7955K, committed 8640K, reserved 1048576K
}
Event: 39.449 GC heap after
{Heap after GC invocations=219 (full 11):
 PSYoungGen      total 32768K, used 9720K [0x00000000eab00000, 0x00000000ee280000, 0x0000000100000000)
  eden space 23040K, 0% used [0x00000000eab00000,0x00000000eab00000,0x00000000ec180000)
  from space 9728K, 99% used [0x00000000ec180000,0x00000000ecafe2f0,0x00000000ecb00000)
  to   space 16384K, 0% used [0x00000000ed280000,0x00000000ed280000,0x00000000ee280000)
 ParOldGen       total 293376K, used 259003K [0x00000000c0000000, 0x00000000d1e80000, 0x00000000eab00000)
  object space 293376K, 88% used [0x00000000c0000000,0x00000000cfceeca0,0x00000000d1e80000)
 Metaspace       used 77684K, committed 79168K, reserved 1179648K
  class space    used 7955K, committed 8640K, reserved 1048576K
}
Event: 39.460 GC heap before
{Heap before GC invocations=220 (full 11):
 PSYoungGen      total 32768K, used 32760K [0x00000000eab00000, 0x00000000ee280000, 0x0000000100000000)
  eden space 23040K, 100% used [0x00000000eab00000,0x00000000ec180000,0x00000000ec180000)
  from space 9728K, 99% used [0x00000000ec180000,0x00000000ecafe2f0,0x00000000ecb00000)
  to   space 16384K, 0% used [0x00000000ed280000,0x00000000ed280000,0x00000000ee280000)
 ParOldGen       total 293376K, used 259003K [0x00000000c0000000, 0x00000000d1e80000, 0x00000000eab00000)
  object space 293376K, 88% used [0x00000000c0000000,0x00000000cfceeca0,0x00000000d1e80000)
 Metaspace       used 77684K, committed 79168K, reserved 1179648K
  class space    used 7955K, committed 8640K, reserved 1048576K
}
Event: 39.466 GC heap after
{Heap after GC invocations=220 (full 11):
 PSYoungGen      total 39424K, used 12736K [0x00000000eab00000, 0x00000000edf80000, 0x0000000100000000)
  eden space 26112K, 0% used [0x00000000eab00000,0x00000000eab00000,0x00000000ec480000)
  from space 13312K, 95% used [0x00000000ed280000,0x00000000edef0170,0x00000000edf80000)
  to   space 13824K, 0% used [0x00000000ec480000,0x00000000ec480000,0x00000000ed200000)
 ParOldGen       total 293376K, used 264684K [0x00000000c0000000, 0x00000000d1e80000, 0x00000000eab00000)
  object space 293376K, 90% used [0x00000000c0000000,0x00000000d027b040,0x00000000d1e80000)
 Metaspace       used 77684K, committed 79168K, reserved 1179648K
  class space    used 7955K, committed 8640K, reserved 1048576K
}
Event: 39.503 GC heap before
{Heap before GC invocations=221 (full 11):
 PSYoungGen      total 39424K, used 38848K [0x00000000eab00000, 0x00000000edf80000, 0x0000000100000000)
  eden space 26112K, 100% used [0x00000000eab00000,0x00000000ec480000,0x00000000ec480000)
  from space 13312K, 95% used [0x00000000ed280000,0x00000000edef0170,0x00000000edf80000)
  to   space 13824K, 0% used [0x00000000ec480000,0x00000000ec480000,0x00000000ed200000)
 ParOldGen       total 293376K, used 264684K [0x00000000c0000000, 0x00000000d1e80000, 0x00000000eab00000)
  object space 293376K, 90% used [0x00000000c0000000,0x00000000d027b040,0x00000000d1e80000)
 Metaspace       used 77907K, committed 79424K, reserved 1179648K
  class space    used 7979K, committed 8704K, reserved 1048576K
}
Event: 39.508 GC heap after
{Heap after GC invocations=221 (full 11):
 PSYoungGen      total 39936K, used 9506K [0x00000000eab00000, 0x00000000edd80000, 0x0000000100000000)
  eden space 26112K, 0% used [0x00000000eab00000,0x00000000eab00000,0x00000000ec480000)
  from space 13824K, 68% used [0x00000000ec480000,0x00000000ecdc8b18,0x00000000ed200000)
  to   space 11264K, 0% used [0x00000000ed280000,0x00000000ed280000,0x00000000edd80000)
 ParOldGen       total 293376K, used 277161K [0x00000000c0000000, 0x00000000d1e80000, 0x00000000eab00000)
  object space 293376K, 94% used [0x00000000c0000000,0x00000000d0eaa5d0,0x00000000d1e80000)
 Metaspace       used 77907K, committed 79424K, reserved 1179648K
  class space    used 7979K, committed 8704K, reserved 1048576K
}
Event: 39.712 GC heap before
{Heap before GC invocations=222 (full 11):
 PSYoungGen      total 39936K, used 35618K [0x00000000eab00000, 0x00000000edd80000, 0x0000000100000000)
  eden space 26112K, 100% used [0x00000000eab00000,0x00000000ec480000,0x00000000ec480000)
  from space 13824K, 68% used [0x00000000ec480000,0x00000000ecdc8b18,0x00000000ed200000)
  to   space 11264K, 0% used [0x00000000ed280000,0x00000000ed280000,0x00000000edd80000)
 ParOldGen       total 293376K, used 277161K [0x00000000c0000000, 0x00000000d1e80000, 0x00000000eab00000)
  object space 293376K, 94% used [0x00000000c0000000,0x00000000d0eaa5d0,0x00000000d1e80000)
 Metaspace       used 78382K, committed 79808K, reserved 1179648K
  class space    used 8030K, committed 8704K, reserved 1048576K
}
Event: 39.722 GC heap after
{Heap after GC invocations=222 (full 11):
 PSYoungGen      total 27648K, used 11245K [0x00000000eab00000, 0x00000000ef680000, 0x0000000100000000)
  eden space 16384K, 0% used [0x00000000eab00000,0x00000000eab00000,0x00000000ebb00000)
  from space 11264K, 99% used [0x00000000ed280000,0x00000000edd7b538,0x00000000edd80000)
  to   space 24064K, 0% used [0x00000000ebb00000,0x00000000ebb00000,0x00000000ed280000)
 ParOldGen       total 293376K, used 287819K [0x00000000c0000000, 0x00000000d1e80000, 0x00000000eab00000)
  object space 293376K, 98% used [0x00000000c0000000,0x00000000d1912fa8,0x00000000d1e80000)
 Metaspace       used 78382K, committed 79808K, reserved 1179648K
  class space    used 8030K, committed 8704K, reserved 1048576K
}
Event: 39.722 GC heap before
{Heap before GC invocations=223 (full 12):
 PSYoungGen      total 27648K, used 11245K [0x00000000eab00000, 0x00000000ef680000, 0x0000000100000000)
  eden space 16384K, 0% used [0x00000000eab00000,0x00000000eab00000,0x00000000ebb00000)
  from space 11264K, 99% used [0x00000000ed280000,0x00000000edd7b538,0x00000000edd80000)
  to   space 24064K, 0% used [0x00000000ebb00000,0x00000000ebb00000,0x00000000ed280000)
 ParOldGen       total 293376K, used 287819K [0x00000000c0000000, 0x00000000d1e80000, 0x00000000eab00000)
  object space 293376K, 98% used [0x00000000c0000000,0x00000000d1912fa8,0x00000000d1e80000)
 Metaspace       used 78382K, committed 79808K, reserved 1179648K
  class space    used 8030K, committed 8704K, reserved 1048576K
}

