# JRE version: OpenJDK Runtime Environment Temurin-17.0.10+7 (17.0.10+7) (build 17.0.10+7)
# Java VM: OpenJDK 64-Bit Server VM Temurin-17.0.10+7 (17.0.10+7, mixed mode, tiered, compressed oops, compressed class ptrs, parallel gc, windows-amd64)
GC Precious Log:
 CPUs: 6 total, 6 available
 Memory: 12158M
 Large Page Support: Disabled
 NUMA Support: Disabled
 Compressed Oops: Enabled (32-bit)
 Alignments: Space 512K, Generation 512K, Heap 2M
 Heap Min Capacity: 100M
 Heap Initial Capacity: 100M
 Heap Max Capacity: 1G
 Pre-touch: Disabled
 Parallel Workers: 6
Heap:
 PSYoungGen      total 21504K, used 21312K [0x00000000eab00000, 0x00000000eca00000, 0x0000000100000000)
  eden space 18944K, 100% used [0x00000000eab00000,0x00000000ebd80000,0x00000000ebd80000)
  from space 2560K, 92% used [0x00000000ebd80000,0x00000000ebfd0000,0x00000000ec000000)
  to   space 5632K, 52% used [0x00000000ec480000,0x00000000ec765538,0x00000000eca00000)
 ParOldGen       total 369152K, used 356739K [0x00000000c0000000, 0x00000000d6880000, 0x00000000eab00000)
  object space 369152K, 96% used [0x00000000c0000000,0x00000000d5c60d50,0x00000000d6880000)
 Metaspace       used 71322K, committed 72768K, reserved 1114112K
  class space    used 7501K, committed 8128K, reserved 1048576K
GC Heap History (20 events):
Event: 13.327 GC heap after
{Heap after GC invocations=282 (full 11):
 PSYoungGen      total 23040K, used 5116K [0x00000000eab00000, 0x00000000ec800000, 0x0000000100000000)
  eden space 17920K, 0% used [0x00000000eab00000,0x00000000eab00000,0x00000000ebc80000)
  from space 5120K, 99% used [0x00000000ec200000,0x00000000ec6ff3e0,0x00000000ec700000)
  to   space 5632K, 0% used [0x00000000ebc80000,0x00000000ebc80000,0x00000000ec200000)
 ParOldGen       total 369152K, used 352059K [0x00000000c0000000, 0x00000000d6880000, 0x00000000eab00000)
  object space 369152K, 95% used [0x00000000c0000000,0x00000000d57ced50,0x00000000d6880000)
 Metaspace       used 71319K, committed 72768K, reserved 1114112K
  class space    used 7501K, committed 8128K, reserved 1048576K
}
Event: 13.397 GC heap before
{Heap before GC invocations=283 (full 11):
 PSYoungGen      total 23040K, used 23036K [0x00000000eab00000, 0x00000000ec800000, 0x0000000100000000)
  eden space 17920K, 100% used [0x00000000eab00000,0x00000000ebc80000,0x00000000ebc80000)
  from space 5120K, 99% used [0x00000000ec200000,0x00000000ec6ff3e0,0x00000000ec700000)
  to   space 5632K, 0% used [0x00000000ebc80000,0x00000000ebc80000,0x00000000ec200000)
 ParOldGen       total 369152K, used 352059K [0x00000000c0000000, 0x00000000d6880000, 0x00000000eab00000)
  object space 369152K, 95% used [0x00000000c0000000,0x00000000d57ced50,0x00000000d6880000)
 Metaspace       used 71320K, committed 72768K, reserved 1114112K
  class space    used 7501K, committed 8128K, reserved 1048576K
}
Event: 13.400 GC heap after
{Heap after GC invocations=283 (full 11):
 PSYoungGen      total 20992K, used 2973K [0x00000000eab00000, 0x00000000ec580000, 0x0000000100000000)
  eden space 17920K, 0% used [0x00000000eab00000,0x00000000eab00000,0x00000000ebc80000)
  from space 3072K, 96% used [0x00000000ebc80000,0x00000000ebf674c8,0x00000000ebf80000)
  to   space 4096K, 0% used [0x00000000ec180000,0x00000000ec180000,0x00000000ec580000)
 ParOldGen       total 369152K, used 352059K [0x00000000c0000000, 0x00000000d6880000, 0x00000000eab00000)
  object space 369152K, 95% used [0x00000000c0000000,0x00000000d57ced50,0x00000000d6880000)
 Metaspace       used 71320K, committed 72768K, reserved 1114112K
  class space    used 7501K, committed 8128K, reserved 1048576K
}
Event: 13.432 GC heap before
{Heap before GC invocations=284 (full 11):
 PSYoungGen      total 20992K, used 20893K [0x00000000eab00000, 0x00000000ec580000, 0x0000000100000000)
  eden space 17920K, 100% used [0x00000000eab00000,0x00000000ebc80000,0x00000000ebc80000)
  from space 3072K, 96% used [0x00000000ebc80000,0x00000000ebf674c8,0x00000000ebf80000)
  to   space 4096K, 0% used [0x00000000ec180000,0x00000000ec180000,0x00000000ec580000)
 ParOldGen       total 369152K, used 352059K [0x00000000c0000000, 0x00000000d6880000, 0x00000000eab00000)
  object space 369152K, 95% used [0x00000000c0000000,0x00000000d57ced50,0x00000000d6880000)
 Metaspace       used 71320K, committed 72768K, reserved 1114112K
  class space    used 7501K, committed 8128K, reserved 1048576K
}
Event: 13.435 GC heap after
{Heap after GC invocations=284 (full 11):
 PSYoungGen      total 22016K, used 4083K [0x00000000eab00000, 0x00000000ec780000, 0x0000000100000000)
  eden space 17920K, 0% used [0x00000000eab00000,0x00000000eab00000,0x00000000ebc80000)
  from space 4096K, 99% used [0x00000000ec180000,0x00000000ec57ccd0,0x00000000ec580000)
  to   space 5120K, 0% used [0x00000000ebc80000,0x00000000ebc80000,0x00000000ec180000)
 ParOldGen       total 369152K, used 352539K [0x00000000c0000000, 0x00000000d6880000, 0x00000000eab00000)
  object space 369152K, 95% used [0x00000000c0000000,0x00000000d5846d50,0x00000000d6880000)
 Metaspace       used 71320K, committed 72768K, reserved 1114112K
  class space    used 7501K, committed 8128K, reserved 1048576K
}
Event: 13.467 GC heap before
{Heap before GC invocations=285 (full 11):
 PSYoungGen      total 22016K, used 22003K [0x00000000eab00000, 0x00000000ec780000, 0x0000000100000000)
  eden space 17920K, 100% used [0x00000000eab00000,0x00000000ebc80000,0x00000000ebc80000)
  from space 4096K, 99% used [0x00000000ec180000,0x00000000ec57ccd0,0x00000000ec580000)
  to   space 5120K, 0% used [0x00000000ebc80000,0x00000000ebc80000,0x00000000ec180000)
 ParOldGen       total 369152K, used 352539K [0x00000000c0000000, 0x00000000d6880000, 0x00000000eab00000)
  object space 369152K, 95% used [0x00000000c0000000,0x00000000d5846d50,0x00000000d6880000)
 Metaspace       used 71320K, committed 72768K, reserved 1114112K
  class space    used 7501K, committed 8128K, reserved 1048576K
}
Event: 13.470 GC heap after
{Heap after GC invocations=285 (full 11):
 PSYoungGen      total 23040K, used 5097K [0x00000000eab00000, 0x00000000ec980000, 0x0000000100000000)
  eden space 17920K, 0% used [0x00000000eab00000,0x00000000eab00000,0x00000000ebc80000)
  from space 5120K, 99% used [0x00000000ebc80000,0x00000000ec17a4d0,0x00000000ec180000)
  to   space 6144K, 0% used [0x00000000ec380000,0x00000000ec380000,0x00000000ec980000)
 ParOldGen       total 369152K, used 353131K [0x00000000c0000000, 0x00000000d6880000, 0x00000000eab00000)
  object space 369152K, 95% used [0x00000000c0000000,0x00000000d58dad50,0x00000000d6880000)
 Metaspace       used 71320K, committed 72768K, reserved 1114112K
  class space    used 7501K, committed 8128K, reserved 1048576K
}
Event: 13.502 GC heap before
{Heap before GC invocations=286 (full 11):
 PSYoungGen      total 23040K, used 23017K [0x00000000eab00000, 0x00000000ec980000, 0x0000000100000000)
  eden space 17920K, 100% used [0x00000000eab00000,0x00000000ebc80000,0x00000000ebc80000)
  from space 5120K, 99% used [0x00000000ebc80000,0x00000000ec17a4d0,0x00000000ec180000)
  to   space 6144K, 0% used [0x00000000ec380000,0x00000000ec380000,0x00000000ec980000)
 ParOldGen       total 369152K, used 353131K [0x00000000c0000000, 0x00000000d6880000, 0x00000000eab00000)
  object space 369152K, 95% used [0x00000000c0000000,0x00000000d58dad50,0x00000000d6880000)
 Metaspace       used 71320K, committed 72768K, reserved 1114112K
  class space    used 7501K, committed 8128K, reserved 1048576K
}
Event: 13.505 GC heap after
{Heap after GC invocations=286 (full 11):
 PSYoungGen      total 24064K, used 6121K [0x00000000eab00000, 0x00000000ecc00000, 0x0000000100000000)
  eden space 17920K, 0% used [0x00000000eab00000,0x00000000eab00000,0x00000000ebc80000)
  from space 6144K, 99% used [0x00000000ec380000,0x00000000ec97a4d0,0x00000000ec980000)
  to   space 7168K, 0% used [0x00000000ebc80000,0x00000000ebc80000,0x00000000ec380000)
 ParOldGen       total 369152K, used 353867K [0x00000000c0000000, 0x00000000d6880000, 0x00000000eab00000)
  object space 369152K, 95% used [0x00000000c0000000,0x00000000d5992d50,0x00000000d6880000)
 Metaspace       used 71320K, committed 72768K, reserved 1114112K
  class space    used 7501K, committed 8128K, reserved 1048576K
}
Event: 13.539 GC heap before
{Heap before GC invocations=287 (full 11):
 PSYoungGen      total 24064K, used 24041K [0x00000000eab00000, 0x00000000ecc00000, 0x0000000100000000)
  eden space 17920K, 100% used [0x00000000eab00000,0x00000000ebc80000,0x00000000ebc80000)
  from space 6144K, 99% used [0x00000000ec380000,0x00000000ec97a4d0,0x00000000ec980000)
  to   space 7168K, 0% used [0x00000000ebc80000,0x00000000ebc80000,0x00000000ec380000)
 ParOldGen       total 369152K, used 353867K [0x00000000c0000000, 0x00000000d6880000, 0x00000000eab00000)
  object space 369152K, 95% used [0x00000000c0000000,0x00000000d5992d50,0x00000000d6880000)
 Metaspace       used 71320K, committed 72768K, reserved 1114112K
  class space    used 7501K, committed 8128K, reserved 1048576K
}
Event: 13.541 GC heap after
{Heap after GC invocations=287 (full 11):
 PSYoungGen      total 25088K, used 7157K [0x00000000eab00000, 0x00000000ece00000, 0x0000000100000000)
  eden space 17920K, 0% used [0x00000000eab00000,0x00000000eab00000,0x00000000ebc80000)
  from space 7168K, 99% used [0x00000000ebc80000,0x00000000ec37d4d0,0x00000000ec380000)
  to   space 8192K, 0% used [0x00000000ec600000,0x00000000ec600000,0x00000000ece00000)
 ParOldGen       total 369152K, used 354571K [0x00000000c0000000, 0x00000000d6880000, 0x00000000eab00000)
  object space 369152K, 96% used [0x00000000c0000000,0x00000000d5a42d50,0x00000000d6880000)
 Metaspace       used 71320K, committed 72768K, reserved 1114112K
  class space    used 7501K, committed 8128K, reserved 1048576K
}
Event: 13.574 GC heap before
{Heap before GC invocations=288 (full 11):
 PSYoungGen      total 25088K, used 25077K [0x00000000eab00000, 0x00000000ece00000, 0x0000000100000000)
  eden space 17920K, 100% used [0x00000000eab00000,0x00000000ebc80000,0x00000000ebc80000)
  from space 7168K, 99% used [0x00000000ebc80000,0x00000000ec37d4d0,0x00000000ec380000)
  to   space 8192K, 0% used [0x00000000ec600000,0x00000000ec600000,0x00000000ece00000)
 ParOldGen       total 369152K, used 354571K [0x00000000c0000000, 0x00000000d6880000, 0x00000000eab00000)
  object space 369152K, 96% used [0x00000000c0000000,0x00000000d5a42d50,0x00000000d6880000)
 Metaspace       used 71320K, committed 72768K, reserved 1114112K
  class space    used 7501K, committed 8128K, reserved 1048576K
}
Event: 13.577 GC heap after
{Heap after GC invocations=288 (full 11):
 PSYoungGen      total 26624K, used 8181K [0x00000000eab00000, 0x00000000ed000000, 0x0000000100000000)
  eden space 18432K, 0% used [0x00000000eab00000,0x00000000eab00000,0x00000000ebd00000)
  from space 8192K, 99% used [0x00000000ec600000,0x00000000ecdfd4d0,0x00000000ece00000)
  to   space 9216K, 0% used [0x00000000ebd00000,0x00000000ebd00000,0x00000000ec600000)
 ParOldGen       total 369152K, used 355219K [0x00000000c0000000, 0x00000000d6880000, 0x00000000eab00000)
  object space 369152K, 96% used [0x00000000c0000000,0x00000000d5ae4d50,0x00000000d6880000)
 Metaspace       used 71320K, committed 72768K, reserved 1114112K
  class space    used 7501K, committed 8128K, reserved 1048576K
}
Event: 13.611 GC heap before
{Heap before GC invocations=289 (full 11):
 PSYoungGen      total 26624K, used 26613K [0x00000000eab00000, 0x00000000ed000000, 0x0000000100000000)
  eden space 18432K, 100% used [0x00000000eab00000,0x00000000ebd00000,0x00000000ebd00000)
  from space 8192K, 99% used [0x00000000ec600000,0x00000000ecdfd4d0,0x00000000ece00000)
  to   space 9216K, 0% used [0x00000000ebd00000,0x00000000ebd00000,0x00000000ec600000)
 ParOldGen       total 369152K, used 355219K [0x00000000c0000000, 0x00000000d6880000, 0x00000000eab00000)
  object space 369152K, 96% used [0x00000000c0000000,0x00000000d5ae4d50,0x00000000d6880000)
 Metaspace       used 71320K, committed 72768K, reserved 1114112K
  class space    used 7501K, committed 8128K, reserved 1048576K
}
Event: 13.614 GC heap after
{Heap after GC invocations=289 (full 11):
 PSYoungGen      total 27648K, used 9205K [0x00000000eab00000, 0x00000000ed280000, 0x0000000100000000)
  eden space 18432K, 0% used [0x00000000eab00000,0x00000000eab00000,0x00000000ebd00000)
  from space 9216K, 99% used [0x00000000ebd00000,0x00000000ec5fd4d0,0x00000000ec600000)
  to   space 10240K, 0% used [0x00000000ec880000,0x00000000ec880000,0x00000000ed280000)
 ParOldGen       total 369152K, used 355891K [0x00000000c0000000, 0x00000000d6880000, 0x00000000eab00000)
  object space 369152K, 96% used [0x00000000c0000000,0x00000000d5b8cd50,0x00000000d6880000)
 Metaspace       used 71320K, committed 72768K, reserved 1114112K
  class space    used 7501K, committed 8128K, reserved 1048576K
}
Event: 13.647 GC heap before
{Heap before GC invocations=290 (full 11):
 PSYoungGen      total 27648K, used 27637K [0x00000000eab00000, 0x00000000ed280000, 0x0000000100000000)
  eden space 18432K, 100% used [0x00000000eab00000,0x00000000ebd00000,0x00000000ebd00000)
  from space 9216K, 99% used [0x00000000ebd00000,0x00000000ec5fd4d0,0x00000000ec600000)
  to   space 10240K, 0% used [0x00000000ec880000,0x00000000ec880000,0x00000000ed280000)
 ParOldGen       total 369152K, used 355891K [0x00000000c0000000, 0x00000000d6880000, 0x00000000eab00000)
  object space 369152K, 96% used [0x00000000c0000000,0x00000000d5b8cd50,0x00000000d6880000)
 Metaspace       used 71320K, committed 72768K, reserved 1114112K
  class space    used 7501K, committed 8128K, reserved 1048576K
}
Event: 13.651 GC heap after
{Heap after GC invocations=290 (full 11):
 PSYoungGen      total 29184K, used 10219K [0x00000000eab00000, 0x00000000ed480000, 0x0000000100000000)
  eden space 18944K, 0% used [0x00000000eab00000,0x00000000eab00000,0x00000000ebd80000)
  from space 10240K, 99% used [0x00000000ec880000,0x00000000ed27ace0,0x00000000ed280000)
  to   space 11264K, 0% used [0x00000000ebd80000,0x00000000ebd80000,0x00000000ec880000)
 ParOldGen       total 369152K, used 356627K [0x00000000c0000000, 0x00000000d6880000, 0x00000000eab00000)
  object space 369152K, 96% used [0x00000000c0000000,0x00000000d5c44d50,0x00000000d6880000)
 Metaspace       used 71320K, committed 72768K, reserved 1114112K
  class space    used 7501K, committed 8128K, reserved 1048576K
}
Event: 13.776 GC heap before
{Heap before GC invocations=291 (full 11):
 PSYoungGen      total 29184K, used 29163K [0x00000000eab00000, 0x00000000ed480000, 0x0000000100000000)
  eden space 18944K, 100% used [0x00000000eab00000,0x00000000ebd80000,0x00000000ebd80000)
  from space 10240K, 99% used [0x00000000ec880000,0x00000000ed27ace0,0x00000000ed280000)
  to   space 11264K, 0% used [0x00000000ebd80000,0x00000000ebd80000,0x00000000ec880000)
 ParOldGen       total 369152K, used 356627K [0x00000000c0000000, 0x00000000d6880000, 0x00000000eab00000)
  object space 369152K, 96% used [0x00000000c0000000,0x00000000d5c44d50,0x00000000d6880000)
 Metaspace       used 71320K, committed 72768K, reserved 1114112K
  class space    used 7501K, committed 8128K, reserved 1048576K
}
Event: 13.779 GC heap after
{Heap after GC invocations=291 (full 11):
 PSYoungGen      total 21504K, used 2368K [0x00000000eab00000, 0x00000000eca00000, 0x0000000100000000)
  eden space 18944K, 0% used [0x00000000eab00000,0x00000000eab00000,0x00000000ebd80000)
  from space 2560K, 92% used [0x00000000ebd80000,0x00000000ebfd0000,0x00000000ec000000)
  to   space 5632K, 0% used [0x00000000ec480000,0x00000000ec480000,0x00000000eca00000)
 ParOldGen       total 369152K, used 356739K [0x00000000c0000000, 0x00000000d6880000, 0x00000000eab00000)
  object space 369152K, 96% used [0x00000000c0000000,0x00000000d5c60d50,0x00000000d6880000)
 Metaspace       used 71320K, committed 72768K, reserved 1114112K
  class space    used 7501K, committed 8128K, reserved 1048576K
}
Event: 13.899 GC heap before
{Heap before GC invocations=292 (full 11):
 PSYoungGen      total 21504K, used 21312K [0x00000000eab00000, 0x00000000eca00000, 0x0000000100000000)
  eden space 18944K, 100% used [0x00000000eab00000,0x00000000ebd80000,0x00000000ebd80000)
  from space 2560K, 92% used [0x00000000ebd80000,0x00000000ebfd0000,0x00000000ec000000)
  to   space 5632K, 0% used [0x00000000ec480000,0x00000000ec480000,0x00000000eca00000)
 ParOldGen       total 369152K, used 356739K [0x00000000c0000000, 0x00000000d6880000, 0x00000000eab00000)
  object space 369152K, 96% used [0x00000000c0000000,0x00000000d5c60d50,0x00000000d6880000)
 Metaspace       used 71322K, committed 72768K, reserved 1114112K
  class space    used 7501K, committed 8128K, reserved 1048576K
}

