# JRE version: OpenJDK Runtime Environment Temurin-17.0.10+7 (17.0.10+7) (build 17.0.10+7)
# Java VM: OpenJDK 64-Bit Server VM Temurin-17.0.10+7 (17.0.10+7, mixed mode, tiered, compressed oops, compressed class ptrs, parallel gc, windows-amd64)
GC Precious Log:
 CPUs: 6 total, 6 available
 Memory: 12158M
 Large Page Support: Disabled
 NUMA Support: Disabled
 Compressed Oops: Enabled (32-bit)
 Alignments: Space 512K, Generation 512K, Heap 2M
 Heap Min Capacity: 100M
 Heap Initial Capacity: 100M
 Heap Max Capacity: 1G
 Pre-touch: Disabled
 Parallel Workers: 6
Heap:
 PSYoungGen      total 31232K, used 26633K [0x00000000eab00000, 0x00000000ed180000, 0x0000000100000000)
  eden space 25600K, 82% used [0x00000000eab00000,0x00000000ebf95378,0x00000000ec400000)
  from space 5632K, 98% used [0x00000000eca80000,0x00000000ecfed430,0x00000000ed000000)
  to   space 1536K, 0% used [0x00000000ed000000,0x00000000ed000000,0x00000000ed180000)
 ParOldGen       total 130048K, used 109141K [0x00000000c0000000, 0x00000000c7f00000, 0x00000000eab00000)
  object space 130048K, 83% used [0x00000000c0000000,0x00000000c6a95768,0x00000000c7f00000)
 Metaspace       used 75808K, committed 77184K, reserved 1179648K
  class space    used 7884K, committed 8512K, reserved 1048576K
GC Heap History (20 events):
Event: 6.513 GC heap before
{Heap before GC invocations=57 (full 3):
 PSYoungGen      total 20992K, used 20811K [0x00000000eab00000, 0x00000000ec200000, 0x0000000100000000)
  eden space 18432K, 99% used [0x00000000eab00000,0x00000000ebcefe38,0x00000000ebd00000)
  from space 2560K, 95% used [0x00000000ebe00000,0x00000000ec062fc0,0x00000000ec080000)
  to   space 1536K, 0% used [0x00000000ec080000,0x00000000ec080000,0x00000000ec200000)
 ParOldGen       total 68608K, used 64392K [0x00000000c0000000, 0x00000000c4300000, 0x00000000eab00000)
  object space 68608K, 93% used [0x00000000c0000000,0x00000000c3ee21e8,0x00000000c4300000)
 Metaspace       used 73232K, committed 74560K, reserved 1179648K
  class space    used 7714K, committed 8320K, reserved 1048576K
}
Event: 6.516 GC heap after
{Heap after GC invocations=57 (full 3):
 PSYoungGen      total 19968K, used 1249K [0x00000000eab00000, 0x00000000ec200000, 0x0000000100000000)
  eden space 18432K, 0% used [0x00000000eab00000,0x00000000eab00000,0x00000000ebd00000)
  from space 1536K, 81% used [0x00000000ec080000,0x00000000ec1b8770,0x00000000ec200000)
  to   space 2048K, 0% used [0x00000000ebe00000,0x00000000ebe00000,0x00000000ec000000)
 ParOldGen       total 72704K, used 72435K [0x00000000c0000000, 0x00000000c4700000, 0x00000000eab00000)
  object space 72704K, 99% used [0x00000000c0000000,0x00000000c46bcf18,0x00000000c4700000)
 Metaspace       used 73232K, committed 74560K, reserved 1179648K
  class space    used 7714K, committed 8320K, reserved 1048576K
}
Event: 6.516 GC heap before
{Heap before GC invocations=58 (full 4):
 PSYoungGen      total 19968K, used 1249K [0x00000000eab00000, 0x00000000ec200000, 0x0000000100000000)
  eden space 18432K, 0% used [0x00000000eab00000,0x00000000eab00000,0x00000000ebd00000)
  from space 1536K, 81% used [0x00000000ec080000,0x00000000ec1b8770,0x00000000ec200000)
  to   space 2048K, 0% used [0x00000000ebe00000,0x00000000ebe00000,0x00000000ec000000)
 ParOldGen       total 72704K, used 72435K [0x00000000c0000000, 0x00000000c4700000, 0x00000000eab00000)
  object space 72704K, 99% used [0x00000000c0000000,0x00000000c46bcf18,0x00000000c4700000)
 Metaspace       used 73232K, committed 74560K, reserved 1179648K
  class space    used 7714K, committed 8320K, reserved 1048576K
}
Event: 6.571 GC heap after
{Heap after GC invocations=58 (full 4):
 PSYoungGen      total 18944K, used 0K [0x00000000eab00000, 0x00000000ec100000, 0x0000000100000000)
  eden space 18432K, 0% used [0x00000000eab00000,0x00000000eab00000,0x00000000ebd00000)
  from space 512K, 0% used [0x00000000ebe00000,0x00000000ebe00000,0x00000000ebe80000)
  to   space 2048K, 0% used [0x00000000ebf00000,0x00000000ebf00000,0x00000000ec100000)
 ParOldGen       total 99840K, used 65435K [0x00000000c0000000, 0x00000000c6180000, 0x00000000eab00000)
  object space 99840K, 65% used [0x00000000c0000000,0x00000000c3fe6f80,0x00000000c6180000)
 Metaspace       used 73230K, committed 74560K, reserved 1179648K
  class space    used 7714K, committed 8320K, reserved 1048576K
}
Event: 6.633 GC heap before
{Heap before GC invocations=59 (full 5):
 PSYoungGen      total 18944K, used 18432K [0x00000000eab00000, 0x00000000ec100000, 0x0000000100000000)
  eden space 18432K, 100% used [0x00000000eab00000,0x00000000ebd00000,0x00000000ebd00000)
  from space 512K, 0% used [0x00000000ebe00000,0x00000000ebe00000,0x00000000ebe80000)
  to   space 2048K, 0% used [0x00000000ebf00000,0x00000000ebf00000,0x00000000ec100000)
 ParOldGen       total 111104K, used 102774K [0x00000000c0000000, 0x00000000c6c80000, 0x00000000eab00000)
  object space 111104K, 92% used [0x00000000c0000000,0x00000000c645dad0,0x00000000c6c80000)
 Metaspace       used 73772K, committed 75072K, reserved 1179648K
  class space    used 7745K, committed 8384K, reserved 1048576K
}
Event: 6.675 GC heap after
{Heap after GC invocations=59 (full 5):
 PSYoungGen      total 20480K, used 0K [0x00000000eab00000, 0x00000000ec200000, 0x0000000100000000)
  eden space 18432K, 0% used [0x00000000eab00000,0x00000000eab00000,0x00000000ebd00000)
  from space 2048K, 0% used [0x00000000ebf00000,0x00000000ebf00000,0x00000000ec100000)
  to   space 2048K, 0% used [0x00000000ebd00000,0x00000000ebd00000,0x00000000ebf00000)
 ParOldGen       total 130048K, used 74560K [0x00000000c0000000, 0x00000000c7f00000, 0x00000000eab00000)
  object space 130048K, 57% used [0x00000000c0000000,0x00000000c48d0150,0x00000000c7f00000)
 Metaspace       used 73772K, committed 75072K, reserved 1179648K
  class space    used 7745K, committed 8384K, reserved 1048576K
}
Event: 6.725 GC heap before
{Heap before GC invocations=60 (full 5):
 PSYoungGen      total 20480K, used 18432K [0x00000000eab00000, 0x00000000ec200000, 0x0000000100000000)
  eden space 18432K, 100% used [0x00000000eab00000,0x00000000ebd00000,0x00000000ebd00000)
  from space 2048K, 0% used [0x00000000ebf00000,0x00000000ebf00000,0x00000000ec100000)
  to   space 2048K, 0% used [0x00000000ebd00000,0x00000000ebd00000,0x00000000ebf00000)
 ParOldGen       total 130048K, used 74560K [0x00000000c0000000, 0x00000000c7f00000, 0x00000000eab00000)
  object space 130048K, 57% used [0x00000000c0000000,0x00000000c48d0150,0x00000000c7f00000)
 Metaspace       used 73977K, committed 75264K, reserved 1179648K
  class space    used 7751K, committed 8384K, reserved 1048576K
}
Event: 6.731 GC heap after
{Heap after GC invocations=60 (full 5):
 PSYoungGen      total 20480K, used 2018K [0x00000000eab00000, 0x00000000ed700000, 0x0000000100000000)
  eden space 18432K, 0% used [0x00000000eab00000,0x00000000eab00000,0x00000000ebd00000)
  from space 2048K, 98% used [0x00000000ebd00000,0x00000000ebef8b48,0x00000000ebf00000)
  to   space 12800K, 0% used [0x00000000eca80000,0x00000000eca80000,0x00000000ed700000)
 ParOldGen       total 130048K, used 83560K [0x00000000c0000000, 0x00000000c7f00000, 0x00000000eab00000)
  object space 130048K, 64% used [0x00000000c0000000,0x00000000c519a150,0x00000000c7f00000)
 Metaspace       used 73977K, committed 75264K, reserved 1179648K
  class space    used 7751K, committed 8384K, reserved 1048576K
}
Event: 6.760 GC heap before
{Heap before GC invocations=61 (full 5):
 PSYoungGen      total 20480K, used 20450K [0x00000000eab00000, 0x00000000ed700000, 0x0000000100000000)
  eden space 18432K, 100% used [0x00000000eab00000,0x00000000ebd00000,0x00000000ebd00000)
  from space 2048K, 98% used [0x00000000ebd00000,0x00000000ebef8b48,0x00000000ebf00000)
  to   space 12800K, 0% used [0x00000000eca80000,0x00000000eca80000,0x00000000ed700000)
 ParOldGen       total 130048K, used 83560K [0x00000000c0000000, 0x00000000c7f00000, 0x00000000eab00000)
  object space 130048K, 64% used [0x00000000c0000000,0x00000000c519a150,0x00000000c7f00000)
 Metaspace       used 73984K, committed 75328K, reserved 1179648K
  class space    used 7751K, committed 8384K, reserved 1048576K
}
Event: 6.765 GC heap after
{Heap after GC invocations=61 (full 5):
 PSYoungGen      total 30720K, used 11077K [0x00000000eab00000, 0x00000000ed580000, 0x0000000100000000)
  eden space 19456K, 0% used [0x00000000eab00000,0x00000000eab00000,0x00000000ebe00000)
  from space 11264K, 98% used [0x00000000eca80000,0x00000000ed5516e8,0x00000000ed580000)
  to   space 11776K, 0% used [0x00000000ebe80000,0x00000000ebe80000,0x00000000eca00000)
 ParOldGen       total 130048K, used 85553K [0x00000000c0000000, 0x00000000c7f00000, 0x00000000eab00000)
  object space 130048K, 65% used [0x00000000c0000000,0x00000000c538c410,0x00000000c7f00000)
 Metaspace       used 73984K, committed 75328K, reserved 1179648K
  class space    used 7751K, committed 8384K, reserved 1048576K
}
Event: 6.795 GC heap before
{Heap before GC invocations=62 (full 5):
 PSYoungGen      total 30720K, used 30533K [0x00000000eab00000, 0x00000000ed580000, 0x0000000100000000)
  eden space 19456K, 100% used [0x00000000eab00000,0x00000000ebe00000,0x00000000ebe00000)
  from space 11264K, 98% used [0x00000000eca80000,0x00000000ed5516e8,0x00000000ed580000)
  to   space 11776K, 0% used [0x00000000ebe80000,0x00000000ebe80000,0x00000000eca00000)
 ParOldGen       total 130048K, used 85553K [0x00000000c0000000, 0x00000000c7f00000, 0x00000000eab00000)
  object space 130048K, 65% used [0x00000000c0000000,0x00000000c538c410,0x00000000c7f00000)
 Metaspace       used 74071K, committed 75392K, reserved 1179648K
  class space    used 7757K, committed 8384K, reserved 1048576K
}
Event: 6.804 GC heap after
{Heap after GC invocations=62 (full 5):
 PSYoungGen      total 31744K, used 11744K [0x00000000eab00000, 0x00000000ef280000, 0x0000000100000000)
  eden space 19968K, 0% used [0x00000000eab00000,0x00000000eab00000,0x00000000ebe80000)
  from space 11776K, 99% used [0x00000000ebe80000,0x00000000ec9f8070,0x00000000eca00000)
  to   space 26112K, 0% used [0x00000000ed900000,0x00000000ed900000,0x00000000ef280000)
 ParOldGen       total 130048K, used 97401K [0x00000000c0000000, 0x00000000c7f00000, 0x00000000eab00000)
  object space 130048K, 74% used [0x00000000c0000000,0x00000000c5f1e410,0x00000000c7f00000)
 Metaspace       used 74071K, committed 75392K, reserved 1179648K
  class space    used 7757K, committed 8384K, reserved 1048576K
}
Event: 6.885 GC heap before
{Heap before GC invocations=63 (full 5):
 PSYoungGen      total 31744K, used 31712K [0x00000000eab00000, 0x00000000ef280000, 0x0000000100000000)
  eden space 19968K, 100% used [0x00000000eab00000,0x00000000ebe80000,0x00000000ebe80000)
  from space 11776K, 99% used [0x00000000ebe80000,0x00000000ec9f8070,0x00000000eca00000)
  to   space 26112K, 0% used [0x00000000ed900000,0x00000000ed900000,0x00000000ef280000)
 ParOldGen       total 130048K, used 97401K [0x00000000c0000000, 0x00000000c7f00000, 0x00000000eab00000)
  object space 130048K, 74% used [0x00000000c0000000,0x00000000c5f1e410,0x00000000c7f00000)
 Metaspace       used 74319K, committed 75712K, reserved 1179648K
  class space    used 7769K, committed 8384K, reserved 1048576K
}
Event: 6.893 GC heap after
{Heap after GC invocations=63 (full 5):
 PSYoungGen      total 28672K, used 6736K [0x00000000eab00000, 0x00000000ee000000, 0x0000000100000000)
  eden space 21504K, 0% used [0x00000000eab00000,0x00000000eab00000,0x00000000ec000000)
  from space 7168K, 93% used [0x00000000ed900000,0x00000000edf94030,0x00000000ee000000)
  to   space 13312K, 0% used [0x00000000ec600000,0x00000000ec600000,0x00000000ed300000)
 ParOldGen       total 130048K, used 109117K [0x00000000c0000000, 0x00000000c7f00000, 0x00000000eab00000)
  object space 130048K, 83% used [0x00000000c0000000,0x00000000c6a8f768,0x00000000c7f00000)
 Metaspace       used 74319K, committed 75712K, reserved 1179648K
  class space    used 7769K, committed 8384K, reserved 1048576K
}
Event: 6.983 GC heap before
{Heap before GC invocations=64 (full 5):
 PSYoungGen      total 28672K, used 28240K [0x00000000eab00000, 0x00000000ee000000, 0x0000000100000000)
  eden space 21504K, 100% used [0x00000000eab00000,0x00000000ec000000,0x00000000ec000000)
  from space 7168K, 93% used [0x00000000ed900000,0x00000000edf94030,0x00000000ee000000)
  to   space 13312K, 0% used [0x00000000ec600000,0x00000000ec600000,0x00000000ed300000)
 ParOldGen       total 130048K, used 109117K [0x00000000c0000000, 0x00000000c7f00000, 0x00000000eab00000)
  object space 130048K, 83% used [0x00000000c0000000,0x00000000c6a8f768,0x00000000c7f00000)
 Metaspace       used 75053K, committed 76416K, reserved 1179648K
  class space    used 7828K, committed 8448K, reserved 1048576K
}
Event: 6.987 GC heap after
{Heap after GC invocations=64 (full 5):
 PSYoungGen      total 30720K, used 7429K [0x00000000eab00000, 0x00000000ed980000, 0x0000000100000000)
  eden space 23040K, 0% used [0x00000000eab00000,0x00000000eab00000,0x00000000ec180000)
  from space 7680K, 96% used [0x00000000ec600000,0x00000000ecd41440,0x00000000ecd80000)
  to   space 8704K, 0% used [0x00000000ed100000,0x00000000ed100000,0x00000000ed980000)
 ParOldGen       total 130048K, used 109125K [0x00000000c0000000, 0x00000000c7f00000, 0x00000000eab00000)
  object space 130048K, 83% used [0x00000000c0000000,0x00000000c6a91768,0x00000000c7f00000)
 Metaspace       used 75053K, committed 76416K, reserved 1179648K
  class space    used 7828K, committed 8448K, reserved 1048576K
}
Event: 7.160 GC heap before
{Heap before GC invocations=65 (full 5):
 PSYoungGen      total 30720K, used 30469K [0x00000000eab00000, 0x00000000ed980000, 0x0000000100000000)
  eden space 23040K, 100% used [0x00000000eab00000,0x00000000ec180000,0x00000000ec180000)
  from space 7680K, 96% used [0x00000000ec600000,0x00000000ecd41440,0x00000000ecd80000)
  to   space 8704K, 0% used [0x00000000ed100000,0x00000000ed100000,0x00000000ed980000)
 ParOldGen       total 130048K, used 109125K [0x00000000c0000000, 0x00000000c7f00000, 0x00000000eab00000)
  object space 130048K, 83% used [0x00000000c0000000,0x00000000c6a91768,0x00000000c7f00000)
 Metaspace       used 75321K, committed 76672K, reserved 1179648K
  class space    used 7841K, committed 8448K, reserved 1048576K
}
Event: 7.162 GC heap after
{Heap after GC invocations=65 (full 5):
 PSYoungGen      total 30208K, used 5228K [0x00000000eab00000, 0x00000000ed680000, 0x0000000100000000)
  eden space 24576K, 0% used [0x00000000eab00000,0x00000000eab00000,0x00000000ec300000)
  from space 5632K, 92% used [0x00000000ed100000,0x00000000ed61b058,0x00000000ed680000)
  to   space 6144K, 0% used [0x00000000eca80000,0x00000000eca80000,0x00000000ed080000)
 ParOldGen       total 130048K, used 109133K [0x00000000c0000000, 0x00000000c7f00000, 0x00000000eab00000)
  object space 130048K, 83% used [0x00000000c0000000,0x00000000c6a93768,0x00000000c7f00000)
 Metaspace       used 75321K, committed 76672K, reserved 1179648K
  class space    used 7841K, committed 8448K, reserved 1048576K
}
Event: 7.415 GC heap before
{Heap before GC invocations=66 (full 5):
 PSYoungGen      total 30208K, used 29804K [0x00000000eab00000, 0x00000000ed680000, 0x0000000100000000)
  eden space 24576K, 100% used [0x00000000eab00000,0x00000000ec300000,0x00000000ec300000)
  from space 5632K, 92% used [0x00000000ed100000,0x00000000ed61b058,0x00000000ed680000)
  to   space 6144K, 0% used [0x00000000eca80000,0x00000000eca80000,0x00000000ed080000)
 ParOldGen       total 130048K, used 109133K [0x00000000c0000000, 0x00000000c7f00000, 0x00000000eab00000)
  object space 130048K, 83% used [0x00000000c0000000,0x00000000c6a93768,0x00000000c7f00000)
 Metaspace       used 75512K, committed 76800K, reserved 1179648K
  class space    used 7856K, committed 8448K, reserved 1048576K
}
Event: 7.417 GC heap after
{Heap after GC invocations=66 (full 5):
 PSYoungGen      total 31232K, used 5557K [0x00000000eab00000, 0x00000000ed180000, 0x0000000100000000)
  eden space 25600K, 0% used [0x00000000eab00000,0x00000000eab00000,0x00000000ec400000)
  from space 5632K, 98% used [0x00000000eca80000,0x00000000ecfed430,0x00000000ed000000)
  to   space 1536K, 0% used [0x00000000ed000000,0x00000000ed000000,0x00000000ed180000)
 ParOldGen       total 130048K, used 109141K [0x00000000c0000000, 0x00000000c7f00000, 0x00000000eab00000)
  object space 130048K, 83% used [0x00000000c0000000,0x00000000c6a95768,0x00000000c7f00000)
 Metaspace       used 75512K, committed 76800K, reserved 1179648K
  class space    used 7856K, committed 8448K, reserved 1048576K
}

