# JRE version: OpenJDK Runtime Environment Temurin-17.0.10+7 (17.0.10+7) (build 17.0.10+7)
# Java VM: OpenJDK 64-Bit Server VM Temurin-17.0.10+7 (17.0.10+7, mixed mode, tiered, compressed oops, compressed class ptrs, parallel gc, windows-amd64)
GC Precious Log:
 CPUs: 6 total, 6 available
 Memory: 12158M
 Large Page Support: Disabled
 NUMA Support: Disabled
 Compressed Oops: Enabled (32-bit)
 Alignments: Space 512K, Generation 512K, Heap 2M
 Heap Min Capacity: 100M
 Heap Initial Capacity: 100M
 Heap Max Capacity: 1G
 Pre-touch: Disabled
 Parallel Workers: 6
Heap:
 PSYoungGen      total 12288K, used 958K [0x00000000eab00000, 0x00000000ebc00000, 0x0000000100000000)
  eden space 11264K, 0% used [0x00000000eab00000,0x00000000eab00000,0x00000000eb600000)
  from space 1024K, 93% used [0x00000000ebb00000,0x00000000ebbefba8,0x00000000ebc00000)
  to   space 2048K, 0% used [0x00000000eb800000,0x00000000eb800000,0x00000000eba00000)
 ParOldGen       total 84992K, used 84115K [0x00000000c0000000, 0x00000000c5300000, 0x00000000eab00000)
  object space 84992K, 98% used [0x00000000c0000000,0x00000000c5224c68,0x00000000c5300000)
 Metaspace       used 78464K, committed 79936K, reserved 1179648K
  class space    used 8034K, committed 8640K, reserved 1048576K
GC Heap History (20 events):
Event: 6.961 GC heap after
{Heap after GC invocations=76 (full 4):
 PSYoungGen      total 13824K, used 1828K [0x00000000eab00000, 0x00000000ebc80000, 0x0000000100000000)
  eden space 11776K, 0% used [0x00000000eab00000,0x00000000eab00000,0x00000000eb680000)
  from space 2048K, 89% used [0x00000000eb680000,0x00000000eb849210,0x00000000eb880000)
  to   space 3072K, 0% used [0x00000000eb980000,0x00000000eb980000,0x00000000ebc80000)
 ParOldGen       total 84992K, used 77204K [0x00000000c0000000, 0x00000000c5300000, 0x00000000eab00000)
  object space 84992K, 90% used [0x00000000c0000000,0x00000000c4b650f0,0x00000000c5300000)
 Metaspace       used 77107K, committed 78464K, reserved 1179648K
  class space    used 7913K, committed 8448K, reserved 1048576K
}
Event: 971.711 GC heap before
{Heap before GC invocations=77 (full 4):
 PSYoungGen      total 13824K, used 13431K [0x00000000eab00000, 0x00000000ebc80000, 0x0000000100000000)
  eden space 11776K, 98% used [0x00000000eab00000,0x00000000eb654b08,0x00000000eb680000)
  from space 2048K, 89% used [0x00000000eb680000,0x00000000eb849210,0x00000000eb880000)
  to   space 3072K, 0% used [0x00000000eb980000,0x00000000eb980000,0x00000000ebc80000)
 ParOldGen       total 84992K, used 77204K [0x00000000c0000000, 0x00000000c5300000, 0x00000000eab00000)
  object space 84992K, 90% used [0x00000000c0000000,0x00000000c4b650f0,0x00000000c5300000)
 Metaspace       used 77630K, committed 79104K, reserved 1179648K
  class space    used 7970K, committed 8576K, reserved 1048576K
}
Event: 971.713 GC heap after
{Heap after GC invocations=77 (full 4):
 PSYoungGen      total 14336K, used 2144K [0x00000000eab00000, 0x00000000ebc00000, 0x0000000100000000)
  eden space 11776K, 0% used [0x00000000eab00000,0x00000000eab00000,0x00000000eb680000)
  from space 2560K, 83% used [0x00000000eb980000,0x00000000ebb982d0,0x00000000ebc00000)
  to   space 2560K, 0% used [0x00000000eb700000,0x00000000eb700000,0x00000000eb980000)
 ParOldGen       total 84992K, used 77204K [0x00000000c0000000, 0x00000000c5300000, 0x00000000eab00000)
  object space 84992K, 90% used [0x00000000c0000000,0x00000000c4b650f0,0x00000000c5300000)
 Metaspace       used 77630K, committed 79104K, reserved 1179648K
  class space    used 7970K, committed 8576K, reserved 1048576K
}
Event: 978.078 GC heap before
{Heap before GC invocations=78 (full 4):
 PSYoungGen      total 14336K, used 13920K [0x00000000eab00000, 0x00000000ebc00000, 0x0000000100000000)
  eden space 11776K, 100% used [0x00000000eab00000,0x00000000eb680000,0x00000000eb680000)
  from space 2560K, 83% used [0x00000000eb980000,0x00000000ebb982d0,0x00000000ebc00000)
  to   space 2560K, 0% used [0x00000000eb700000,0x00000000eb700000,0x00000000eb980000)
 ParOldGen       total 84992K, used 77204K [0x00000000c0000000, 0x00000000c5300000, 0x00000000eab00000)
  object space 84992K, 90% used [0x00000000c0000000,0x00000000c4b650f0,0x00000000c5300000)
 Metaspace       used 77776K, committed 79232K, reserved 1179648K
  class space    used 7972K, committed 8576K, reserved 1048576K
}
Event: 978.080 GC heap after
{Heap after GC invocations=78 (full 4):
 PSYoungGen      total 14336K, used 2541K [0x00000000eab00000, 0x00000000ebc80000, 0x0000000100000000)
  eden space 11776K, 0% used [0x00000000eab00000,0x00000000eab00000,0x00000000eb680000)
  from space 2560K, 99% used [0x00000000eb700000,0x00000000eb97b498,0x00000000eb980000)
  to   space 3072K, 0% used [0x00000000eb980000,0x00000000eb980000,0x00000000ebc80000)
 ParOldGen       total 84992K, used 77305K [0x00000000c0000000, 0x00000000c5300000, 0x00000000eab00000)
  object space 84992K, 90% used [0x00000000c0000000,0x00000000c4b7e768,0x00000000c5300000)
 Metaspace       used 77776K, committed 79232K, reserved 1179648K
  class space    used 7972K, committed 8576K, reserved 1048576K
}
Event: 999.645 GC heap before
{Heap before GC invocations=79 (full 4):
 PSYoungGen      total 14336K, used 14317K [0x00000000eab00000, 0x00000000ebc80000, 0x0000000100000000)
  eden space 11776K, 100% used [0x00000000eab00000,0x00000000eb680000,0x00000000eb680000)
  from space 2560K, 99% used [0x00000000eb700000,0x00000000eb97b498,0x00000000eb980000)
  to   space 3072K, 0% used [0x00000000eb980000,0x00000000eb980000,0x00000000ebc80000)
 ParOldGen       total 84992K, used 77305K [0x00000000c0000000, 0x00000000c5300000, 0x00000000eab00000)
  object space 84992K, 90% used [0x00000000c0000000,0x00000000c4b7e768,0x00000000c5300000)
 Metaspace       used 77892K, committed 79360K, reserved 1179648K
  class space    used 7983K, committed 8576K, reserved 1048576K
}
Event: 999.647 GC heap after
{Heap after GC invocations=79 (full 4):
 PSYoungGen      total 13824K, used 1711K [0x00000000eab00000, 0x00000000ebb80000, 0x0000000100000000)
  eden space 11776K, 0% used [0x00000000eab00000,0x00000000eab00000,0x00000000eb680000)
  from space 2048K, 83% used [0x00000000eb980000,0x00000000ebb2bca0,0x00000000ebb80000)
  to   space 2560K, 0% used [0x00000000eb680000,0x00000000eb680000,0x00000000eb900000)
 ParOldGen       total 84992K, used 78849K [0x00000000c0000000, 0x00000000c5300000, 0x00000000eab00000)
  object space 84992K, 92% used [0x00000000c0000000,0x00000000c4d00460,0x00000000c5300000)
 Metaspace       used 77892K, committed 79360K, reserved 1179648K
  class space    used 7983K, committed 8576K, reserved 1048576K
}
Event: 999.711 GC heap before
{Heap before GC invocations=80 (full 4):
 PSYoungGen      total 13824K, used 12573K [0x00000000eab00000, 0x00000000ebb80000, 0x0000000100000000)
  eden space 11776K, 92% used [0x00000000eab00000,0x00000000eb59bab8,0x00000000eb680000)
  from space 2048K, 83% used [0x00000000eb980000,0x00000000ebb2bca0,0x00000000ebb80000)
  to   space 2560K, 0% used [0x00000000eb680000,0x00000000eb680000,0x00000000eb900000)
 ParOldGen       total 84992K, used 78849K [0x00000000c0000000, 0x00000000c5300000, 0x00000000eab00000)
  object space 84992K, 92% used [0x00000000c0000000,0x00000000c4d00460,0x00000000c5300000)
 Metaspace       used 78020K, committed 79488K, reserved 1179648K
  class space    used 7995K, committed 8640K, reserved 1048576K
}
Event: 999.713 GC heap after
{Heap after GC invocations=80 (full 4):
 PSYoungGen      total 14336K, used 2449K [0x00000000eab00000, 0x00000000ebc80000, 0x0000000100000000)
  eden space 11776K, 0% used [0x00000000eab00000,0x00000000eab00000,0x00000000eb680000)
  from space 2560K, 95% used [0x00000000eb680000,0x00000000eb8e46c8,0x00000000eb900000)
  to   space 3072K, 0% used [0x00000000eb980000,0x00000000eb980000,0x00000000ebc80000)
 ParOldGen       total 84992K, used 78849K [0x00000000c0000000, 0x00000000c5300000, 0x00000000eab00000)
  object space 84992K, 92% used [0x00000000c0000000,0x00000000c4d00460,0x00000000c5300000)
 Metaspace       used 78020K, committed 79488K, reserved 1179648K
  class space    used 7995K, committed 8640K, reserved 1048576K
}
Event: 999.752 GC heap before
{Heap before GC invocations=81 (full 4):
 PSYoungGen      total 14336K, used 14225K [0x00000000eab00000, 0x00000000ebc80000, 0x0000000100000000)
  eden space 11776K, 100% used [0x00000000eab00000,0x00000000eb680000,0x00000000eb680000)
  from space 2560K, 95% used [0x00000000eb680000,0x00000000eb8e46c8,0x00000000eb900000)
  to   space 3072K, 0% used [0x00000000eb980000,0x00000000eb980000,0x00000000ebc80000)
 ParOldGen       total 84992K, used 78849K [0x00000000c0000000, 0x00000000c5300000, 0x00000000eab00000)
  object space 84992K, 92% used [0x00000000c0000000,0x00000000c4d00460,0x00000000c5300000)
 Metaspace       used 78270K, committed 79744K, reserved 1179648K
  class space    used 8019K, committed 8640K, reserved 1048576K
}
Event: 999.754 GC heap after
{Heap after GC invocations=81 (full 4):
 PSYoungGen      total 14336K, used 3015K [0x00000000eab00000, 0x00000000ebd80000, 0x0000000100000000)
  eden space 11264K, 0% used [0x00000000eab00000,0x00000000eab00000,0x00000000eb600000)
  from space 3072K, 98% used [0x00000000eb980000,0x00000000ebc71e80,0x00000000ebc80000)
  to   space 3584K, 0% used [0x00000000eb600000,0x00000000eb600000,0x00000000eb980000)
 ParOldGen       total 84992K, used 78849K [0x00000000c0000000, 0x00000000c5300000, 0x00000000eab00000)
  object space 84992K, 92% used [0x00000000c0000000,0x00000000c4d00460,0x00000000c5300000)
 Metaspace       used 78270K, committed 79744K, reserved 1179648K
  class space    used 8019K, committed 8640K, reserved 1048576K
}
Event: 999.817 GC heap before
{Heap before GC invocations=82 (full 4):
 PSYoungGen      total 14336K, used 14279K [0x00000000eab00000, 0x00000000ebd80000, 0x0000000100000000)
  eden space 11264K, 100% used [0x00000000eab00000,0x00000000eb600000,0x00000000eb600000)
  from space 3072K, 98% used [0x00000000eb980000,0x00000000ebc71e80,0x00000000ebc80000)
  to   space 3584K, 0% used [0x00000000eb600000,0x00000000eb600000,0x00000000eb980000)
 ParOldGen       total 84992K, used 78849K [0x00000000c0000000, 0x00000000c5300000, 0x00000000eab00000)
  object space 84992K, 92% used [0x00000000c0000000,0x00000000c4d00460,0x00000000c5300000)
 Metaspace       used 78312K, committed 79808K, reserved 1179648K
  class space    used 8021K, committed 8640K, reserved 1048576K
}
Event: 999.820 GC heap after
{Heap after GC invocations=82 (full 4):
 PSYoungGen      total 14848K, used 3557K [0x00000000eab00000, 0x00000000ec200000, 0x0000000100000000)
  eden space 11264K, 0% used [0x00000000eab00000,0x00000000eab00000,0x00000000eb600000)
  from space 3584K, 99% used [0x00000000eb600000,0x00000000eb979700,0x00000000eb980000)
  to   space 6144K, 0% used [0x00000000ebc00000,0x00000000ebc00000,0x00000000ec200000)
 ParOldGen       total 84992K, used 80589K [0x00000000c0000000, 0x00000000c5300000, 0x00000000eab00000)
  object space 84992K, 94% used [0x00000000c0000000,0x00000000c4eb36d8,0x00000000c5300000)
 Metaspace       used 78312K, committed 79808K, reserved 1179648K
  class space    used 8021K, committed 8640K, reserved 1048576K
}
Event: 999.849 GC heap before
{Heap before GC invocations=83 (full 4):
 PSYoungGen      total 14848K, used 14821K [0x00000000eab00000, 0x00000000ec200000, 0x0000000100000000)
  eden space 11264K, 100% used [0x00000000eab00000,0x00000000eb600000,0x00000000eb600000)
  from space 3584K, 99% used [0x00000000eb600000,0x00000000eb979700,0x00000000eb980000)
  to   space 6144K, 0% used [0x00000000ebc00000,0x00000000ebc00000,0x00000000ec200000)
 ParOldGen       total 84992K, used 80589K [0x00000000c0000000, 0x00000000c5300000, 0x00000000eab00000)
  object space 84992K, 94% used [0x00000000c0000000,0x00000000c4eb36d8,0x00000000c5300000)
 Metaspace       used 78322K, committed 79808K, reserved 1179648K
  class space    used 8022K, committed 8640K, reserved 1048576K
}
Event: 999.852 GC heap after
{Heap after GC invocations=83 (full 4):
 PSYoungGen      total 15360K, used 4069K [0x00000000eab00000, 0x00000000ec000000, 0x0000000100000000)
  eden space 11264K, 0% used [0x00000000eab00000,0x00000000eab00000,0x00000000eb600000)
  from space 4096K, 99% used [0x00000000ebc00000,0x00000000ebff9460,0x00000000ec000000)
  to   space 4608K, 0% used [0x00000000eb700000,0x00000000eb700000,0x00000000ebb80000)
 ParOldGen       total 84992K, used 81482K [0x00000000c0000000, 0x00000000c5300000, 0x00000000eab00000)
  object space 84992K, 95% used [0x00000000c0000000,0x00000000c4f92908,0x00000000c5300000)
 Metaspace       used 78322K, committed 79808K, reserved 1179648K
  class space    used 8022K, committed 8640K, reserved 1048576K
}
Event: 999.870 GC heap before
{Heap before GC invocations=84 (full 4):
 PSYoungGen      total 15360K, used 15333K [0x00000000eab00000, 0x00000000ec000000, 0x0000000100000000)
  eden space 11264K, 100% used [0x00000000eab00000,0x00000000eb600000,0x00000000eb600000)
  from space 4096K, 99% used [0x00000000ebc00000,0x00000000ebff9460,0x00000000ec000000)
  to   space 4608K, 0% used [0x00000000eb700000,0x00000000eb700000,0x00000000ebb80000)
 ParOldGen       total 84992K, used 81482K [0x00000000c0000000, 0x00000000c5300000, 0x00000000eab00000)
  object space 84992K, 95% used [0x00000000c0000000,0x00000000c4f92908,0x00000000c5300000)
 Metaspace       used 78322K, committed 79808K, reserved 1179648K
  class space    used 8022K, committed 8640K, reserved 1048576K
}
Event: 999.873 GC heap after
{Heap after GC invocations=84 (full 4):
 PSYoungGen      total 15360K, used 3689K [0x00000000eab00000, 0x00000000ebe00000, 0x0000000100000000)
  eden space 11264K, 0% used [0x00000000eab00000,0x00000000eab00000,0x00000000eb600000)
  from space 4096K, 90% used [0x00000000eb700000,0x00000000eba9a5e8,0x00000000ebb00000)
  to   space 3072K, 0% used [0x00000000ebb00000,0x00000000ebb00000,0x00000000ebe00000)
 ParOldGen       total 84992K, used 82575K [0x00000000c0000000, 0x00000000c5300000, 0x00000000eab00000)
  object space 84992K, 97% used [0x00000000c0000000,0x00000000c50a3d48,0x00000000c5300000)
 Metaspace       used 78322K, committed 79808K, reserved 1179648K
  class space    used 8022K, committed 8640K, reserved 1048576K
}
Event: 999.922 GC heap before
{Heap before GC invocations=85 (full 4):
 PSYoungGen      total 15360K, used 14953K [0x00000000eab00000, 0x00000000ebe00000, 0x0000000100000000)
  eden space 11264K, 100% used [0x00000000eab00000,0x00000000eb600000,0x00000000eb600000)
  from space 4096K, 90% used [0x00000000eb700000,0x00000000eba9a5e8,0x00000000ebb00000)
  to   space 3072K, 0% used [0x00000000ebb00000,0x00000000ebb00000,0x00000000ebe00000)
 ParOldGen       total 84992K, used 82575K [0x00000000c0000000, 0x00000000c5300000, 0x00000000eab00000)
  object space 84992K, 97% used [0x00000000c0000000,0x00000000c50a3d48,0x00000000c5300000)
 Metaspace       used 78464K, committed 79936K, reserved 1179648K
  class space    used 8034K, committed 8640K, reserved 1048576K
}
Event: 999.924 GC heap after
{Heap after GC invocations=85 (full 4):
 PSYoungGen      total 12288K, used 958K [0x00000000eab00000, 0x00000000ebc00000, 0x0000000100000000)
  eden space 11264K, 0% used [0x00000000eab00000,0x00000000eab00000,0x00000000eb600000)
  from space 1024K, 93% used [0x00000000ebb00000,0x00000000ebbefba8,0x00000000ebc00000)
  to   space 2048K, 0% used [0x00000000eb800000,0x00000000eb800000,0x00000000eba00000)
 ParOldGen       total 84992K, used 84115K [0x00000000c0000000, 0x00000000c5300000, 0x00000000eab00000)
  object space 84992K, 98% used [0x00000000c0000000,0x00000000c5224c68,0x00000000c5300000)
 Metaspace       used 78464K, committed 79936K, reserved 1179648K
  class space    used 8034K, committed 8640K, reserved 1048576K
}
Event: 999.924 GC heap before
{Heap before GC invocations=86 (full 5):
 PSYoungGen      total 12288K, used 958K [0x00000000eab00000, 0x00000000ebc00000, 0x0000000100000000)
  eden space 11264K, 0% used [0x00000000eab00000,0x00000000eab00000,0x00000000eb600000)
  from space 1024K, 93% used [0x00000000ebb00000,0x00000000ebbefba8,0x00000000ebc00000)
  to   space 2048K, 0% used [0x00000000eb800000,0x00000000eb800000,0x00000000eba00000)
 ParOldGen       total 84992K, used 84115K [0x00000000c0000000, 0x00000000c5300000, 0x00000000eab00000)
  object space 84992K, 98% used [0x00000000c0000000,0x00000000c5224c68,0x00000000c5300000)
 Metaspace       used 78464K, committed 79936K, reserved 1179648K
  class space    used 8034K, committed 8640K, reserved 1048576K
}

