# JRE version: OpenJDK Runtime Environment Temurin-17.0.10+7 (17.0.10+7) (build 17.0.10+7)
# Java VM: OpenJDK 64-Bit Server VM Temurin-17.0.10+7 (17.0.10+7, mixed mode, tiered, compressed oops, compressed class ptrs, parallel gc, windows-amd64)
GC Precious Log:
 CPUs: 6 total, 6 available
 Memory: 12158M
 Large Page Support: Disabled
 NUMA Support: Disabled
 Compressed Oops: Enabled (32-bit)
 Alignments: Space 512K, Generation 512K, Heap 2M
 Heap Min Capacity: 100M
 Heap Initial Capacity: 100M
 Heap Max Capacity: 1G
 Pre-touch: Disabled
 Parallel Workers: 6
Heap:
 PSYoungGen      total 5120K, used 1768K [0x00000000eab00000, 0x00000000eb180000, 0x0000000100000000)
  eden space 4608K, 33% used [0x00000000eab00000,0x00000000eac83928,0x00000000eaf80000)
  from space 512K, 42% used [0x00000000eb080000,0x00000000eb0b6900,0x00000000eb100000)
  to   space 512K, 0% used [0x00000000eb100000,0x00000000eb100000,0x00000000eb180000)
 ParOldGen       total 80384K, used 72292K [0x00000000c0000000, 0x00000000c4e80000, 0x00000000eab00000)
  object space 80384K, 89% used [0x00000000c0000000,0x00000000c4699240,0x00000000c4e80000)
 Metaspace       used 77954K, committed 79360K, reserved 1179648K
  class space    used 8037K, committed 8704K, reserved 1048576K
GC Heap History (20 events):
Event: 13.573 GC heap before
{Heap before GC invocations=135 (full 5):
 PSYoungGen      total 5632K, used 4768K [0x00000000eab00000, 0x00000000eb200000, 0x0000000100000000)
  eden space 4608K, 100% used [0x00000000eab00000,0x00000000eaf80000,0x00000000eaf80000)
  from space 1024K, 15% used [0x00000000eb080000,0x00000000eb0a8000,0x00000000eb180000)
  to   space 512K, 0% used [0x00000000eb180000,0x00000000eb180000,0x00000000eb200000)
 ParOldGen       total 80384K, used 72292K [0x00000000c0000000, 0x00000000c4e80000, 0x00000000eab00000)
  object space 80384K, 89% used [0x00000000c0000000,0x00000000c4699240,0x00000000c4e80000)
 Metaspace       used 77864K, committed 79296K, reserved 1179648K
  class space    used 8034K, committed 8704K, reserved 1048576K
}
Event: 13.574 GC heap after
{Heap after GC invocations=135 (full 5):
 PSYoungGen      total 5120K, used 186K [0x00000000eab00000, 0x00000000eb200000, 0x0000000100000000)
  eden space 4608K, 0% used [0x00000000eab00000,0x00000000eab00000,0x00000000eaf80000)
  from space 512K, 36% used [0x00000000eb180000,0x00000000eb1ae900,0x00000000eb200000)
  to   space 512K, 0% used [0x00000000eb100000,0x00000000eb100000,0x00000000eb180000)
 ParOldGen       total 80384K, used 72292K [0x00000000c0000000, 0x00000000c4e80000, 0x00000000eab00000)
  object space 80384K, 89% used [0x00000000c0000000,0x00000000c4699240,0x00000000c4e80000)
 Metaspace       used 77864K, committed 79296K, reserved 1179648K
  class space    used 8034K, committed 8704K, reserved 1048576K
}
Event: 15.493 GC heap before
{Heap before GC invocations=136 (full 5):
 PSYoungGen      total 5120K, used 4794K [0x00000000eab00000, 0x00000000eb200000, 0x0000000100000000)
  eden space 4608K, 100% used [0x00000000eab00000,0x00000000eaf80000,0x00000000eaf80000)
  from space 512K, 36% used [0x00000000eb180000,0x00000000eb1ae900,0x00000000eb200000)
  to   space 512K, 0% used [0x00000000eb100000,0x00000000eb100000,0x00000000eb180000)
 ParOldGen       total 80384K, used 72292K [0x00000000c0000000, 0x00000000c4e80000, 0x00000000eab00000)
  object space 80384K, 89% used [0x00000000c0000000,0x00000000c4699240,0x00000000c4e80000)
 Metaspace       used 77865K, committed 79296K, reserved 1179648K
  class space    used 8034K, committed 8704K, reserved 1048576K
}
Event: 15.494 GC heap after
{Heap after GC invocations=136 (full 5):
 PSYoungGen      total 5120K, used 250K [0x00000000eab00000, 0x00000000eb200000, 0x0000000100000000)
  eden space 4608K, 0% used [0x00000000eab00000,0x00000000eab00000,0x00000000eaf80000)
  from space 512K, 48% used [0x00000000eb100000,0x00000000eb13e920,0x00000000eb180000)
  to   space 512K, 0% used [0x00000000eb180000,0x00000000eb180000,0x00000000eb200000)
 ParOldGen       total 80384K, used 72292K [0x00000000c0000000, 0x00000000c4e80000, 0x00000000eab00000)
  object space 80384K, 89% used [0x00000000c0000000,0x00000000c4699240,0x00000000c4e80000)
 Metaspace       used 77865K, committed 79296K, reserved 1179648K
  class space    used 8034K, committed 8704K, reserved 1048576K
}
Event: 17.747 GC heap before
{Heap before GC invocations=137 (full 5):
 PSYoungGen      total 5120K, used 4858K [0x00000000eab00000, 0x00000000eb200000, 0x0000000100000000)
  eden space 4608K, 99% used [0x00000000eab00000,0x00000000eaf7ffc0,0x00000000eaf80000)
  from space 512K, 48% used [0x00000000eb100000,0x00000000eb13e920,0x00000000eb180000)
  to   space 512K, 0% used [0x00000000eb180000,0x00000000eb180000,0x00000000eb200000)
 ParOldGen       total 80384K, used 72292K [0x00000000c0000000, 0x00000000c4e80000, 0x00000000eab00000)
  object space 80384K, 89% used [0x00000000c0000000,0x00000000c4699240,0x00000000c4e80000)
 Metaspace       used 77868K, committed 79296K, reserved 1179648K
  class space    used 8034K, committed 8704K, reserved 1048576K
}
Event: 17.747 GC heap after
{Heap after GC invocations=137 (full 5):
 PSYoungGen      total 5120K, used 474K [0x00000000eab00000, 0x00000000eb200000, 0x0000000100000000)
  eden space 4608K, 0% used [0x00000000eab00000,0x00000000eab00000,0x00000000eaf80000)
  from space 512K, 92% used [0x00000000eb180000,0x00000000eb1f6920,0x00000000eb200000)
  to   space 1024K, 0% used [0x00000000eb000000,0x00000000eb000000,0x00000000eb100000)
 ParOldGen       total 80384K, used 72292K [0x00000000c0000000, 0x00000000c4e80000, 0x00000000eab00000)
  object space 80384K, 89% used [0x00000000c0000000,0x00000000c4699240,0x00000000c4e80000)
 Metaspace       used 77868K, committed 79296K, reserved 1179648K
  class space    used 8034K, committed 8704K, reserved 1048576K
}
Event: 20.165 GC heap before
{Heap before GC invocations=138 (full 5):
 PSYoungGen      total 5120K, used 5082K [0x00000000eab00000, 0x00000000eb200000, 0x0000000100000000)
  eden space 4608K, 99% used [0x00000000eab00000,0x00000000eaf7fff0,0x00000000eaf80000)
  from space 512K, 92% used [0x00000000eb180000,0x00000000eb1f6920,0x00000000eb200000)
  to   space 1024K, 0% used [0x00000000eb000000,0x00000000eb000000,0x00000000eb100000)
 ParOldGen       total 80384K, used 72292K [0x00000000c0000000, 0x00000000c4e80000, 0x00000000eab00000)
  object space 80384K, 89% used [0x00000000c0000000,0x00000000c4699240,0x00000000c4e80000)
 Metaspace       used 77871K, committed 79296K, reserved 1179648K
  class space    used 8034K, committed 8704K, reserved 1048576K
}
Event: 20.166 GC heap after
{Heap after GC invocations=138 (full 5):
 PSYoungGen      total 5632K, used 570K [0x00000000eab00000, 0x00000000eb200000, 0x0000000100000000)
  eden space 4608K, 0% used [0x00000000eab00000,0x00000000eab00000,0x00000000eaf80000)
  from space 1024K, 55% used [0x00000000eb000000,0x00000000eb08e920,0x00000000eb100000)
  to   space 1024K, 0% used [0x00000000eb100000,0x00000000eb100000,0x00000000eb200000)
 ParOldGen       total 80384K, used 72292K [0x00000000c0000000, 0x00000000c4e80000, 0x00000000eab00000)
  object space 80384K, 89% used [0x00000000c0000000,0x00000000c4699240,0x00000000c4e80000)
 Metaspace       used 77871K, committed 79296K, reserved 1179648K
  class space    used 8034K, committed 8704K, reserved 1048576K
}
Event: 22.427 GC heap before
{Heap before GC invocations=139 (full 5):
 PSYoungGen      total 5632K, used 5178K [0x00000000eab00000, 0x00000000eb200000, 0x0000000100000000)
  eden space 4608K, 100% used [0x00000000eab00000,0x00000000eaf80000,0x00000000eaf80000)
  from space 1024K, 55% used [0x00000000eb000000,0x00000000eb08e920,0x00000000eb100000)
  to   space 1024K, 0% used [0x00000000eb100000,0x00000000eb100000,0x00000000eb200000)
 ParOldGen       total 80384K, used 72292K [0x00000000c0000000, 0x00000000c4e80000, 0x00000000eab00000)
  object space 80384K, 89% used [0x00000000c0000000,0x00000000c4699240,0x00000000c4e80000)
 Metaspace       used 77889K, committed 79360K, reserved 1179648K
  class space    used 8034K, committed 8704K, reserved 1048576K
}
Event: 22.427 GC heap after
{Heap after GC invocations=139 (full 5):
 PSYoungGen      total 5120K, used 212K [0x00000000eab00000, 0x00000000eb180000, 0x0000000100000000)
  eden space 4608K, 0% used [0x00000000eab00000,0x00000000eab00000,0x00000000eaf80000)
  from space 512K, 41% used [0x00000000eb100000,0x00000000eb135200,0x00000000eb180000)
  to   space 512K, 0% used [0x00000000eb080000,0x00000000eb080000,0x00000000eb100000)
 ParOldGen       total 80384K, used 72292K [0x00000000c0000000, 0x00000000c4e80000, 0x00000000eab00000)
  object space 80384K, 89% used [0x00000000c0000000,0x00000000c4699240,0x00000000c4e80000)
 Metaspace       used 77889K, committed 79360K, reserved 1179648K
  class space    used 8034K, committed 8704K, reserved 1048576K
}
Event: 22.608 GC heap before
{Heap before GC invocations=140 (full 5):
 PSYoungGen      total 5120K, used 4820K [0x00000000eab00000, 0x00000000eb180000, 0x0000000100000000)
  eden space 4608K, 100% used [0x00000000eab00000,0x00000000eaf80000,0x00000000eaf80000)
  from space 512K, 41% used [0x00000000eb100000,0x00000000eb135200,0x00000000eb180000)
  to   space 512K, 0% used [0x00000000eb080000,0x00000000eb080000,0x00000000eb100000)
 ParOldGen       total 80384K, used 72292K [0x00000000c0000000, 0x00000000c4e80000, 0x00000000eab00000)
  object space 80384K, 89% used [0x00000000c0000000,0x00000000c4699240,0x00000000c4e80000)
 Metaspace       used 77899K, committed 79360K, reserved 1179648K
  class space    used 8035K, committed 8704K, reserved 1048576K
}
Event: 22.609 GC heap after
{Heap after GC invocations=140 (full 5):
 PSYoungGen      total 5120K, used 192K [0x00000000eab00000, 0x00000000eb180000, 0x0000000100000000)
  eden space 4608K, 0% used [0x00000000eab00000,0x00000000eab00000,0x00000000eaf80000)
  from space 512K, 37% used [0x00000000eb080000,0x00000000eb0b0000,0x00000000eb100000)
  to   space 512K, 0% used [0x00000000eb100000,0x00000000eb100000,0x00000000eb180000)
 ParOldGen       total 80384K, used 72292K [0x00000000c0000000, 0x00000000c4e80000, 0x00000000eab00000)
  object space 80384K, 89% used [0x00000000c0000000,0x00000000c4699240,0x00000000c4e80000)
 Metaspace       used 77899K, committed 79360K, reserved 1179648K
  class space    used 8035K, committed 8704K, reserved 1048576K
}
Event: 23.013 GC heap before
{Heap before GC invocations=141 (full 5):
 PSYoungGen      total 5120K, used 4800K [0x00000000eab00000, 0x00000000eb180000, 0x0000000100000000)
  eden space 4608K, 100% used [0x00000000eab00000,0x00000000eaf80000,0x00000000eaf80000)
  from space 512K, 37% used [0x00000000eb080000,0x00000000eb0b0000,0x00000000eb100000)
  to   space 512K, 0% used [0x00000000eb100000,0x00000000eb100000,0x00000000eb180000)
 ParOldGen       total 80384K, used 72292K [0x00000000c0000000, 0x00000000c4e80000, 0x00000000eab00000)
  object space 80384K, 89% used [0x00000000c0000000,0x00000000c4699240,0x00000000c4e80000)
 Metaspace       used 77935K, committed 79360K, reserved 1179648K
  class space    used 8037K, committed 8704K, reserved 1048576K
}
Event: 23.014 GC heap after
{Heap after GC invocations=141 (full 5):
 PSYoungGen      total 5120K, used 250K [0x00000000eab00000, 0x00000000eb180000, 0x0000000100000000)
  eden space 4608K, 0% used [0x00000000eab00000,0x00000000eab00000,0x00000000eaf80000)
  from space 512K, 48% used [0x00000000eb100000,0x00000000eb13e920,0x00000000eb180000)
  to   space 512K, 0% used [0x00000000eb080000,0x00000000eb080000,0x00000000eb100000)
 ParOldGen       total 80384K, used 72292K [0x00000000c0000000, 0x00000000c4e80000, 0x00000000eab00000)
  object space 80384K, 89% used [0x00000000c0000000,0x00000000c4699240,0x00000000c4e80000)
 Metaspace       used 77935K, committed 79360K, reserved 1179648K
  class space    used 8037K, committed 8704K, reserved 1048576K
}
Event: 23.396 GC heap before
{Heap before GC invocations=142 (full 5):
 PSYoungGen      total 5120K, used 4858K [0x00000000eab00000, 0x00000000eb180000, 0x0000000100000000)
  eden space 4608K, 100% used [0x00000000eab00000,0x00000000eaf80000,0x00000000eaf80000)
  from space 512K, 48% used [0x00000000eb100000,0x00000000eb13e920,0x00000000eb180000)
  to   space 512K, 0% used [0x00000000eb080000,0x00000000eb080000,0x00000000eb100000)
 ParOldGen       total 80384K, used 72292K [0x00000000c0000000, 0x00000000c4e80000, 0x00000000eab00000)
  object space 80384K, 89% used [0x00000000c0000000,0x00000000c4699240,0x00000000c4e80000)
 Metaspace       used 77942K, committed 79360K, reserved 1179648K
  class space    used 8037K, committed 8704K, reserved 1048576K
}
Event: 23.397 GC heap after
{Heap after GC invocations=142 (full 5):
 PSYoungGen      total 5120K, used 410K [0x00000000eab00000, 0x00000000eb180000, 0x0000000100000000)
  eden space 4608K, 0% used [0x00000000eab00000,0x00000000eab00000,0x00000000eaf80000)
  from space 512K, 80% used [0x00000000eb080000,0x00000000eb0e6920,0x00000000eb100000)
  to   space 512K, 0% used [0x00000000eb100000,0x00000000eb100000,0x00000000eb180000)
 ParOldGen       total 80384K, used 72292K [0x00000000c0000000, 0x00000000c4e80000, 0x00000000eab00000)
  object space 80384K, 89% used [0x00000000c0000000,0x00000000c4699240,0x00000000c4e80000)
 Metaspace       used 77942K, committed 79360K, reserved 1179648K
  class space    used 8037K, committed 8704K, reserved 1048576K
}
Event: 24.312 GC heap before
{Heap before GC invocations=143 (full 5):
 PSYoungGen      total 5120K, used 5018K [0x00000000eab00000, 0x00000000eb180000, 0x0000000100000000)
  eden space 4608K, 100% used [0x00000000eab00000,0x00000000eaf80000,0x00000000eaf80000)
  from space 512K, 80% used [0x00000000eb080000,0x00000000eb0e6920,0x00000000eb100000)
  to   space 512K, 0% used [0x00000000eb100000,0x00000000eb100000,0x00000000eb180000)
 ParOldGen       total 80384K, used 72292K [0x00000000c0000000, 0x00000000c4e80000, 0x00000000eab00000)
  object space 80384K, 89% used [0x00000000c0000000,0x00000000c4699240,0x00000000c4e80000)
 Metaspace       used 77946K, committed 79360K, reserved 1179648K
  class space    used 8037K, committed 8704K, reserved 1048576K
}
Event: 24.313 GC heap after
{Heap after GC invocations=143 (full 5):
 PSYoungGen      total 5120K, used 192K [0x00000000eab00000, 0x00000000eb180000, 0x0000000100000000)
  eden space 4608K, 0% used [0x00000000eab00000,0x00000000eab00000,0x00000000eaf80000)
  from space 512K, 37% used [0x00000000eb100000,0x00000000eb130000,0x00000000eb180000)
  to   space 512K, 0% used [0x00000000eb080000,0x00000000eb080000,0x00000000eb100000)
 ParOldGen       total 80384K, used 72292K [0x00000000c0000000, 0x00000000c4e80000, 0x00000000eab00000)
  object space 80384K, 89% used [0x00000000c0000000,0x00000000c4699240,0x00000000c4e80000)
 Metaspace       used 77946K, committed 79360K, reserved 1179648K
  class space    used 8037K, committed 8704K, reserved 1048576K
}
Event: 24.505 GC heap before
{Heap before GC invocations=144 (full 5):
 PSYoungGen      total 5120K, used 4800K [0x00000000eab00000, 0x00000000eb180000, 0x0000000100000000)
  eden space 4608K, 100% used [0x00000000eab00000,0x00000000eaf80000,0x00000000eaf80000)
  from space 512K, 37% used [0x00000000eb100000,0x00000000eb130000,0x00000000eb180000)
  to   space 512K, 0% used [0x00000000eb080000,0x00000000eb080000,0x00000000eb100000)
 ParOldGen       total 80384K, used 72292K [0x00000000c0000000, 0x00000000c4e80000, 0x00000000eab00000)
  object space 80384K, 89% used [0x00000000c0000000,0x00000000c4699240,0x00000000c4e80000)
 Metaspace       used 77952K, committed 79360K, reserved 1179648K
  class space    used 8037K, committed 8704K, reserved 1048576K
}
Event: 24.505 GC heap after
{Heap after GC invocations=144 (full 5):
 PSYoungGen      total 5120K, used 218K [0x00000000eab00000, 0x00000000eb180000, 0x0000000100000000)
  eden space 4608K, 0% used [0x00000000eab00000,0x00000000eab00000,0x00000000eaf80000)
  from space 512K, 42% used [0x00000000eb080000,0x00000000eb0b6900,0x00000000eb100000)
  to   space 512K, 0% used [0x00000000eb100000,0x00000000eb100000,0x00000000eb180000)
 ParOldGen       total 80384K, used 72292K [0x00000000c0000000, 0x00000000c4e80000, 0x00000000eab00000)
  object space 80384K, 89% used [0x00000000c0000000,0x00000000c4699240,0x00000000c4e80000)
 Metaspace       used 77952K, committed 79360K, reserved 1179648K
  class space    used 8037K, committed 8704K, reserved 1048576K
}

